This is pdfTeX, Version 3.1415926-1.40.10 (TeX Live 2009/Debian) (format=pdflatex 2013.8.18)  14 MAR 2014 13:57
entering extended mode
 %&-line parsing enabled.
**RPU2013.tex
(./RPU2013.tex
LaTeX2e <2009/09/24>
Babel <v3.8l> and hyphenation patterns for english, usenglishmax, dumylang, noh
yphenation, loaded.
(/usr/share/texmf-texlive/tex/latex/base/book.cls
Document Class: book 2007/10/19 v1.4h Standard LaTeX document class
(/usr/share/texmf-texlive/tex/latex/base/bk12.clo
File: bk12.clo 2007/10/19 v1.4h Standard LaTeX file (size option)
)
\c@part=\count79
\c@chapter=\count80
\c@section=\count81
\c@subsection=\count82
\c@subsubsection=\count83
\c@paragraph=\count84
\c@subparagraph=\count85
\c@figure=\count86
\c@table=\count87
\abovecaptionskip=\skip41
\belowcaptionskip=\skip42
\bibindent=\dimen102
)
(/usr/share/texmf-texlive/tex/latex/graphics/graphicx.sty
Package: graphicx 1999/02/16 v1.0f Enhanced LaTeX Graphics (DPC,SPQR)

(/usr/share/texmf-texlive/tex/latex/graphics/keyval.sty
Package: keyval 1999/03/16 v1.13 key=value parser (DPC)
\KV@toks@=\toks14
)
(/usr/share/texmf-texlive/tex/latex/graphics/graphics.sty
Package: graphics 2009/02/05 v1.0o Standard LaTeX Graphics (DPC,SPQR)

(/usr/share/texmf-texlive/tex/latex/graphics/trig.sty
Package: trig 1999/03/16 v1.09 sin cos tan (DPC)
)
(/etc/texmf/tex/latex/config/graphics.cfg
File: graphics.cfg 2009/08/28 v1.8 graphics configuration of TeX Live
)
Package graphics Info: Driver file: pdftex.def on input line 91.

(/usr/share/texmf-texlive/tex/latex/pdftex-def/pdftex.def
File: pdftex.def 2010/03/12 v0.04p Graphics/color for pdfTeX
\Gread@gobject=\count88
))
\Gin@req@height=\dimen103
\Gin@req@width=\dimen104
)
(/usr/share/texmf-texlive/tex/latex/graphics/color.sty
Package: color 2005/11/14 v1.0j Standard LaTeX Color (DPC)

(/etc/texmf/tex/latex/config/color.cfg
File: color.cfg 2007/01/18 v1.5 color configuration of teTeX/TeXLive
)
Package color Info: Driver file: pdftex.def on input line 130.
) (./framed.sty
Package: framed 2011/10/22 v 0.96: framed or shaded text with page breaks
\OuterFrameSep=\skip43
\fb@frw=\dimen105
\fb@frh=\dimen106
\FrameRule=\dimen107
\FrameSep=\dimen108
)
(/usr/share/texmf-texlive/tex/latex/base/alltt.sty
Package: alltt 1997/06/16 v2.0g defines alltt environment
)
(/usr/share/texmf-texlive/tex/generic/babel/babel.sty
Package: babel 2008/07/06 v3.8l The Babel package

(/usr/share/texmf-texlive/tex/generic/babel/english.ldf
Language: english 2005/03/30 v3.3o English support from the babel system

(/usr/share/texmf-texlive/tex/generic/babel/babel.def
File: babel.def 2008/07/06 v3.8l Babel common definitions
\babel@savecnt=\count89
\U@D=\dimen109
)
\l@british = a dialect from \language\l@english 
\l@UKenglish = a dialect from \language\l@english 
\l@canadian = a dialect from \language\l@american 
\l@australian = a dialect from \language\l@british 
\l@newzealand = a dialect from \language\l@british 
)
(/usr/share/texmf-texlive/tex/generic/babel/frenchb.ldf
Language: frenchb 2009/03/16 v2.3d French support from the babel system


Package babel Warning: No hyphenation patterns were loaded for
(babel)                the language `French'
(babel)                I will use the patterns loaded for \language=0 instead.

\l@french = a dialect from \language0
Package babel Info: Making : an active character on input line 120.
Package babel Info: Making ; an active character on input line 121.
Package babel Info: Making ! an active character on input line 122.
Package babel Info: Making ? an active character on input line 123.
\FB@Mht=\dimen110
\std@mcc=\count90
\dec@mcc=\count91
\parindentFFN=\dimen111
*************************************
* Local config file frenchb.cfg used
*
(/usr/share/texmf-texlive/tex/generic/babel/frenchb.cfg))
(/usr/share/texmf-texlive/tex/generic/babel/frenchb.ldf
Language: frenchb 2009/03/16 v2.3d French support from the babel system
))
(/usr/share/texmf-texlive/tex/latex/carlisle/scalefnt.sty)
(/usr/share/texmf-texlive/tex/latex/base/fontenc.sty
Package: fontenc 2005/09/27 v1.99g Standard LaTeX package

(/usr/share/texmf-texlive/tex/latex/base/t1enc.def
File: t1enc.def 2005/09/27 v1.99g Standard LaTeX file
LaTeX Font Info:    Redeclaring font encoding T1 on input line 43.
))
(/usr/share/texmf/tex/latex/lm/lmodern.sty
Package: lmodern 2009/10/30 v1.6 Latin Modern Fonts
LaTeX Font Info:    Overwriting symbol font `operators' in version `normal'
(Font)                  OT1/cmr/m/n --> OT1/lmr/m/n on input line 22.
LaTeX Font Info:    Overwriting symbol font `letters' in version `normal'
(Font)                  OML/cmm/m/it --> OML/lmm/m/it on input line 23.
LaTeX Font Info:    Overwriting symbol font `symbols' in version `normal'
(Font)                  OMS/cmsy/m/n --> OMS/lmsy/m/n on input line 24.
LaTeX Font Info:    Overwriting symbol font `largesymbols' in version `normal'
(Font)                  OMX/cmex/m/n --> OMX/lmex/m/n on input line 25.
LaTeX Font Info:    Overwriting symbol font `operators' in version `bold'
(Font)                  OT1/cmr/bx/n --> OT1/lmr/bx/n on input line 26.
LaTeX Font Info:    Overwriting symbol font `letters' in version `bold'
(Font)                  OML/cmm/b/it --> OML/lmm/b/it on input line 27.
LaTeX Font Info:    Overwriting symbol font `symbols' in version `bold'
(Font)                  OMS/cmsy/b/n --> OMS/lmsy/b/n on input line 28.
LaTeX Font Info:    Overwriting symbol font `largesymbols' in version `bold'
(Font)                  OMX/cmex/m/n --> OMX/lmex/m/n on input line 29.
LaTeX Font Info:    Overwriting math alphabet `\mathbf' in version `normal'
(Font)                  OT1/cmr/bx/n --> OT1/lmr/bx/n on input line 31.
LaTeX Font Info:    Overwriting math alphabet `\mathsf' in version `normal'
(Font)                  OT1/cmss/m/n --> OT1/lmss/m/n on input line 32.
LaTeX Font Info:    Overwriting math alphabet `\mathit' in version `normal'
(Font)                  OT1/cmr/m/it --> OT1/lmr/m/it on input line 33.
LaTeX Font Info:    Overwriting math alphabet `\mathtt' in version `normal'
(Font)                  OT1/cmtt/m/n --> OT1/lmtt/m/n on input line 34.
LaTeX Font Info:    Overwriting math alphabet `\mathbf' in version `bold'
(Font)                  OT1/cmr/bx/n --> OT1/lmr/bx/n on input line 35.
LaTeX Font Info:    Overwriting math alphabet `\mathsf' in version `bold'
(Font)                  OT1/cmss/bx/n --> OT1/lmss/bx/n on input line 36.
LaTeX Font Info:    Overwriting math alphabet `\mathit' in version `bold'
(Font)                  OT1/cmr/bx/it --> OT1/lmr/bx/it on input line 37.
LaTeX Font Info:    Overwriting math alphabet `\mathtt' in version `bold'
(Font)                  OT1/cmtt/m/n --> OT1/lmtt/m/n on input line 38.
)
(/usr/share/texmf-texlive/tex/latex/base/inputenc.sty
Package: inputenc 2008/03/30 v1.1d Input encoding file
\inpenc@prehook=\toks15
\inpenc@posthook=\toks16

(/usr/share/texmf-texlive/tex/latex/ucs/utf8x.def
File: utf8x.def 2004/10/17 UCS: Input encoding UTF-8
))
(/usr/share/texmf-texlive/tex/latex/ucs/ucs.sty
Package: ucs 2004/10/17 UCS: Unicode input support

(/usr/share/texmf-texlive/tex/latex/ucs/data/uni-global.def
File: uni-global.def 2004/10/17 UCS: Unicode global data
)
\uc@secondtry=\count92
\uc@combtoks=\toks17
\uc@combtoksb=\toks18
\uc@temptokena=\toks19
)
\@input{rpu_2012.sty.aux}
\openout2 = `rpu_2012.sty.aux'.

No file rpu_2012.sty.tex.
(/usr/share/texmf-texlive/tex/latex/numprint/numprint.sty
Package: numprint 2008/02/17 v1.38 Print numbers (HH)

(/usr/share/texmf-texlive/tex/latex/tools/array.sty
Package: array 2008/09/09 v2.4c Tabular extension package (FMi)
\col@sep=\dimen112
\extrarowheight=\dimen113
\NC@list=\toks20
\extratabsurround=\skip44
\backup@length=\skip45
)
\c@nprt@mantissa@digitsbefore=\count93
\c@nprt@mantissa@digitsafter=\count94
\c@nprt@exponent@digitsbefore=\count95
\c@nprt@exponent@digitsafter=\count96
\nprt@digitwidth=\skip46
\nprt@sepwidth=\skip47
\nprt@decimalwidth=\skip48
\nprt@blockwidth=\skip49
\nprt@digittoks=\toks21
\nprt@pretoks=\toks22
\nprt@posttoks=\toks23
\nprt@thisdigit=\count97
\nprt@curpos=\count98
\nprt@rndpos=\count99
\c@nprt@digitsfirstblock=\count100
\c@nprt@blockcnt=\count101
\c@nprt@cntprint=\count102

No configuration file `numprint.cfg' found.)
(/usr/share/texmf-texlive/tex/latex/hyperref/hyperref.sty
Package: hyperref 2009/10/09 v6.79a Hypertext links for LaTeX

(/usr/share/texmf-texlive/tex/generic/oberdiek/ifpdf.sty
Package: ifpdf 2009/04/10 v2.0 Provides the ifpdf switch (HO)
Package ifpdf Info: pdfTeX in pdf mode detected.
)
(/usr/share/texmf-texlive/tex/generic/oberdiek/ifvtex.sty
Package: ifvtex 2008/11/04 v1.4 Switches for detecting VTeX and its modes (HO)
Package ifvtex Info: VTeX not detected.
)
(/usr/share/texmf-texlive/tex/generic/ifxetex/ifxetex.sty
Package: ifxetex 2009/01/23 v0.5 Provides ifxetex conditional
)
(/usr/share/texmf-texlive/tex/latex/oberdiek/hycolor.sty
Package: hycolor 2009/10/02 v1.5 Code for color options of hyperref/bookmark (H
O)

(/usr/share/texmf-texlive/tex/latex/oberdiek/xcolor-patch.sty
Package: xcolor-patch 2009/10/02 xcolor patch
))
\@linkdim=\dimen114
\Hy@linkcounter=\count103
\Hy@pagecounter=\count104

(/usr/share/texmf-texlive/tex/latex/hyperref/pd1enc.def
File: pd1enc.def 2009/10/09 v6.79a Hyperref: PDFDocEncoding definition (HO)
)
(/usr/share/texmf-texlive/tex/generic/oberdiek/etexcmds.sty
Package: etexcmds 2007/12/12 v1.2 Prefix for e-TeX command names (HO)

(/usr/share/texmf-texlive/tex/generic/oberdiek/infwarerr.sty
Package: infwarerr 2007/09/09 v1.2 Providing info/warning/message (HO)
)
Package etexcmds Info: Could not find \expanded.
(etexcmds)             That can mean that you are not using pdfTeX 1.50 or
(etexcmds)             that some package has redefined \expanded.
(etexcmds)             In the latter case, load this package earlier.
)
(/usr/share/texmf-texlive/tex/latex/latexconfig/hyperref.cfg
File: hyperref.cfg 2002/06/06 v1.2 hyperref configuration of TeXLive
)
(/usr/share/texmf-texlive/tex/latex/oberdiek/kvoptions.sty
Package: kvoptions 2009/08/13 v3.4 Keyval support for LaTeX options (HO)

(/usr/share/texmf-texlive/tex/generic/oberdiek/kvsetkeys.sty
Package: kvsetkeys 2009/07/30 v1.5 Key value parser with default handler suppor
t (HO)
))
Package hyperref Info: Option `colorlinks' set `true' on input line 2864.
Package hyperref Info: Option `linktocpage' set `true' on input line 2864.
Package hyperref Info: Option `breaklinks' set `true' on input line 2864.
Package hyperref Info: Hyper figures OFF on input line 2975.
Package hyperref Info: Link nesting OFF on input line 2980.
Package hyperref Info: Hyper index ON on input line 2983.
Package hyperref Info: Plain pages OFF on input line 2990.
Package hyperref Info: Backreferencing OFF on input line 2995.

Implicit mode ON; LaTeX internals redefined
Package hyperref Info: Bookmarks ON on input line 3191.
(/usr/share/texmf-texlive/tex/latex/ltxmisc/url.sty
\Urlmuskip=\muskip10
Package: url 2006/04/12  ver 3.3  Verb mode for urls, etc.
)
LaTeX Info: Redefining \url on input line 3428.

(/usr/share/texmf-texlive/tex/generic/oberdiek/bitset.sty
Package: bitset 2007/09/28 v1.0 Data type bit set (HO)

(/usr/share/texmf-texlive/tex/generic/oberdiek/intcalc.sty
Package: intcalc 2007/09/27 v1.1 Expandable integer calculations (HO)
)
(/usr/share/texmf-texlive/tex/generic/oberdiek/bigintcalc.sty
Package: bigintcalc 2007/11/11 v1.1 Expandable big integer calculations (HO)

(/usr/share/texmf-texlive/tex/generic/oberdiek/pdftexcmds.sty
Package: pdftexcmds 2009/09/23 v0.6 LuaTeX support for pdfTeX utility functions
 (HO)

(/usr/share/texmf-texlive/tex/generic/oberdiek/ifluatex.sty
Package: ifluatex 2009/04/17 v1.2 Provides the ifluatex switch (HO)
Package ifluatex Info: LuaTeX not detected.
)
(/usr/share/texmf-texlive/tex/generic/oberdiek/ltxcmds.sty
Package: ltxcmds 2009/08/05 v1.0 Some LaTeX kernel commands for general use (HO
)
)
Package pdftexcmds Info: LuaTeX not detected.
Package pdftexcmds Info: \pdf@primitive is available.
Package pdftexcmds Info: \pdf@ifprimitive is available.
)))
\Fld@menulength=\count105
\Field@Width=\dimen115
\Fld@charsize=\dimen116
\Field@toks=\toks24
Package hyperref Info: Hyper figures OFF on input line 4377.
Package hyperref Info: Link nesting OFF on input line 4382.
Package hyperref Info: Hyper index ON on input line 4385.
Package hyperref Info: backreferencing OFF on input line 4392.
Package hyperref Info: Link coloring ON on input line 4395.
Package hyperref Info: Link coloring with OCG OFF on input line 4402.
Package hyperref Info: PDF/A mode OFF on input line 4407.

(/usr/share/texmf-texlive/tex/generic/oberdiek/atbegshi.sty
Package: atbegshi 2008/07/31 v1.9 At begin shipout hook (HO)
)
\Hy@abspage=\count106
\c@Item=\count107
\c@Hfootnote=\count108
)
*hyperref using default driver hpdftex*
(/usr/share/texmf-texlive/tex/latex/hyperref/hpdftex.def
File: hpdftex.def 2009/10/09 v6.79a Hyperref driver for pdfTeX
\Fld@listcount=\count109
)
(/usr/share/texmf-texlive/tex/latex/geometry/geometry.sty
Package: geometry 2008/12/21 v4.2 Page Geometry
\Gm@cnth=\count110
\Gm@cntv=\count111
\c@Gm@tempcnt=\count112
\Gm@bindingoffset=\dimen117
\Gm@wd@mp=\dimen118
\Gm@odd@mp=\dimen119
\Gm@even@mp=\dimen120
\Gm@dimlist=\toks25
)
(/usr/share/texmf-texlive/tex/latex/amsmath/amsmath.sty
Package: amsmath 2000/07/18 v2.13 AMS math features
\@mathmargin=\skip50

For additional information on amsmath, use the `?' option.
(/usr/share/texmf-texlive/tex/latex/amsmath/amstext.sty
Package: amstext 2000/06/29 v2.01

(/usr/share/texmf-texlive/tex/latex/amsmath/amsgen.sty
File: amsgen.sty 1999/11/30 v2.0
\@emptytoks=\toks26
\ex@=\dimen121
))
(/usr/share/texmf-texlive/tex/latex/amsmath/amsbsy.sty
Package: amsbsy 1999/11/29 v1.2d
\pmbraise@=\dimen122
)
(/usr/share/texmf-texlive/tex/latex/amsmath/amsopn.sty
Package: amsopn 1999/12/14 v2.01 operator names
)
\inf@bad=\count113
LaTeX Info: Redefining \frac on input line 211.
\uproot@=\count114
\leftroot@=\count115
LaTeX Info: Redefining \overline on input line 307.
\classnum@=\count116
\DOTSCASE@=\count117
LaTeX Info: Redefining \ldots on input line 379.
LaTeX Info: Redefining \dots on input line 382.
LaTeX Info: Redefining \cdots on input line 467.
\Mathstrutbox@=\box26
\strutbox@=\box27
\big@size=\dimen123
LaTeX Font Info:    Redeclaring font encoding OML on input line 567.
LaTeX Font Info:    Redeclaring font encoding OMS on input line 568.
\macc@depth=\count118
\c@MaxMatrixCols=\count119
\dotsspace@=\muskip11
\c@parentequation=\count120
\dspbrk@lvl=\count121
\tag@help=\toks27
\row@=\count122
\column@=\count123
\maxfields@=\count124
\andhelp@=\toks28
\eqnshift@=\dimen124
\alignsep@=\dimen125
\tagshift@=\dimen126
\tagwidth@=\dimen127
\totwidth@=\dimen128
\lineht@=\dimen129
\@envbody=\toks29
\multlinegap=\skip51
\multlinetaggap=\skip52
\mathdisplay@stack=\toks30
LaTeX Info: Redefining \[ on input line 2666.
LaTeX Info: Redefining \] on input line 2667.
)
(/usr/share/texmf-texlive/tex/latex/amsfonts/amsfonts.sty
Package: amsfonts 2009/06/22 v3.00 Basic AMSFonts support
\symAMSa=\mathgroup4
\symAMSb=\mathgroup5
LaTeX Font Info:    Overwriting math alphabet `\mathfrak' in version `bold'
(Font)                  U/euf/m/n --> U/euf/b/n on input line 96.
)
(/usr/share/texmf-texlive/tex/latex/amsfonts/amssymb.sty
Package: amssymb 2009/06/22 v3.00
)
(/usr/share/texmf/tex/latex/xcolor/xcolor.sty
Package: xcolor 2007/01/21 v2.11 LaTeX color extensions (UK)

(/etc/texmf/tex/latex/config/color.cfg
File: color.cfg 2007/01/18 v1.5 color configuration of teTeX/TeXLive
)
Package xcolor Info: Driver file: pdftex.def on input line 225.
LaTeX Info: Redefining \color on input line 702.
Package xcolor Info: Model `cmy' substituted by `cmy0' on input line 1337.
Package xcolor Info: Model `hsb' substituted by `rgb' on input line 1341.
Package xcolor Info: Model `RGB' extended on input line 1353.
Package xcolor Info: Model `HTML' substituted by `rgb' on input line 1355.
Package xcolor Info: Model `Hsb' substituted by `hsb' on input line 1356.
Package xcolor Info: Model `tHsb' substituted by `hsb' on input line 1357.
Package xcolor Info: Model `HSB' substituted by `hsb' on input line 1358.
Package xcolor Info: Model `Gray' substituted by `gray' on input line 1359.
Package xcolor Info: Model `wave' substituted by `hsb' on input line 1360.
)
(/usr/share/texmf/tex/latex/pgf/frontendlayer/tikz.sty
(/usr/share/texmf/tex/latex/pgf/basiclayer/pgf.sty
(/usr/share/texmf/tex/latex/pgf/utilities/pgfrcs.sty
(/usr/share/texmf/tex/generic/pgf/utilities/pgfutil-common.tex
\pgfutil@everybye=\toks31
)
(/usr/share/texmf/tex/generic/pgf/utilities/pgfutil-latex.def
\pgfutil@abb=\box28

(/usr/share/texmf-texlive/tex/latex/ms/everyshi.sty
Package: everyshi 2001/05/15 v3.00 EveryShipout Package (MS)
))
(/usr/share/texmf/tex/generic/pgf/utilities/pgfrcs.code.tex
Package: pgfrcs 2010/10/25 v2.10 (rcs-revision 1.24)
))
Package: pgf 2008/01/15 v2.10 (rcs-revision 1.12)

(/usr/share/texmf/tex/latex/pgf/basiclayer/pgfcore.sty
(/usr/share/texmf/tex/latex/pgf/systemlayer/pgfsys.sty
(/usr/share/texmf/tex/generic/pgf/systemlayer/pgfsys.code.tex
Package: pgfsys 2010/06/30 v2.10 (rcs-revision 1.37)

(/usr/share/texmf/tex/generic/pgf/utilities/pgfkeys.code.tex
\pgfkeys@pathtoks=\toks32
\pgfkeys@temptoks=\toks33

(/usr/share/texmf/tex/generic/pgf/utilities/pgfkeysfiltered.code.tex
\pgfkeys@tmptoks=\toks34
))
\pgf@x=\dimen130
\pgf@y=\dimen131
\pgf@xa=\dimen132
\pgf@ya=\dimen133
\pgf@xb=\dimen134
\pgf@yb=\dimen135
\pgf@xc=\dimen136
\pgf@yc=\dimen137
\w@pgf@writea=\write3
\r@pgf@reada=\read1
\c@pgf@counta=\count125
\c@pgf@countb=\count126
\c@pgf@countc=\count127
\c@pgf@countd=\count128

(/usr/share/texmf/tex/generic/pgf/systemlayer/pgf.cfg
File: pgf.cfg 2008/05/14  (rcs-revision 1.7)
)
Package pgfsys Info: Driver file for pgf: pgfsys-pdftex.def on input line 900.

(/usr/share/texmf/tex/generic/pgf/systemlayer/pgfsys-pdftex.def
File: pgfsys-pdftex.def 2009/05/22  (rcs-revision 1.26)

(/usr/share/texmf/tex/generic/pgf/systemlayer/pgfsys-common-pdf.def
File: pgfsys-common-pdf.def 2008/05/19  (rcs-revision 1.10)
)))
(/usr/share/texmf/tex/generic/pgf/systemlayer/pgfsyssoftpath.code.tex
File: pgfsyssoftpath.code.tex 2008/07/18  (rcs-revision 1.7)
\pgfsyssoftpath@smallbuffer@items=\count129
\pgfsyssoftpath@bigbuffer@items=\count130
)
(/usr/share/texmf/tex/generic/pgf/systemlayer/pgfsysprotocol.code.tex
File: pgfsysprotocol.code.tex 2006/10/16  (rcs-revision 1.4)
))
(/usr/share/texmf/tex/generic/pgf/basiclayer/pgfcore.code.tex
Package: pgfcore 2010/04/11 v2.10 (rcs-revision 1.7)

(/usr/share/texmf/tex/generic/pgf/math/pgfmath.code.tex
(/usr/share/texmf/tex/generic/pgf/math/pgfmathcalc.code.tex
(/usr/share/texmf/tex/generic/pgf/math/pgfmathutil.code.tex)
(/usr/share/texmf/tex/generic/pgf/math/pgfmathparser.code.tex
\pgfmath@dimen=\dimen138
\pgfmath@count=\count131
\pgfmath@box=\box29
\pgfmath@toks=\toks35
\pgfmath@stack@operand=\toks36
\pgfmath@stack@operation=\toks37
)
(/usr/share/texmf/tex/generic/pgf/math/pgfmathfunctions.code.tex
(/usr/share/texmf/tex/generic/pgf/math/pgfmathfunctions.basic.code.tex)
(/usr/share/texmf/tex/generic/pgf/math/pgfmathfunctions.trigonometric.code.tex)
(/usr/share/texmf/tex/generic/pgf/math/pgfmathfunctions.random.code.tex)
(/usr/share/texmf/tex/generic/pgf/math/pgfmathfunctions.comparison.code.tex)
(/usr/share/texmf/tex/generic/pgf/math/pgfmathfunctions.base.code.tex)
(/usr/share/texmf/tex/generic/pgf/math/pgfmathfunctions.round.code.tex)
(/usr/share/texmf/tex/generic/pgf/math/pgfmathfunctions.misc.code.tex)))
(/usr/share/texmf/tex/generic/pgf/math/pgfmathfloat.code.tex
\c@pgfmathroundto@lastzeros=\count132
))
(/usr/share/texmf/tex/generic/pgf/basiclayer/pgfcorepoints.code.tex
File: pgfcorepoints.code.tex 2010/04/09  (rcs-revision 1.20)
\pgf@picminx=\dimen139
\pgf@picmaxx=\dimen140
\pgf@picminy=\dimen141
\pgf@picmaxy=\dimen142
\pgf@pathminx=\dimen143
\pgf@pathmaxx=\dimen144
\pgf@pathminy=\dimen145
\pgf@pathmaxy=\dimen146
\pgf@xx=\dimen147
\pgf@xy=\dimen148
\pgf@yx=\dimen149
\pgf@yy=\dimen150
\pgf@zx=\dimen151
\pgf@zy=\dimen152
)
(/usr/share/texmf/tex/generic/pgf/basiclayer/pgfcorepathconstruct.code.tex
File: pgfcorepathconstruct.code.tex 2010/08/03  (rcs-revision 1.24)
\pgf@path@lastx=\dimen153
\pgf@path@lasty=\dimen154
)
(/usr/share/texmf/tex/generic/pgf/basiclayer/pgfcorepathusage.code.tex
File: pgfcorepathusage.code.tex 2008/04/22  (rcs-revision 1.12)
\pgf@shorten@end@additional=\dimen155
\pgf@shorten@start@additional=\dimen156
)
(/usr/share/texmf/tex/generic/pgf/basiclayer/pgfcorescopes.code.tex
File: pgfcorescopes.code.tex 2010/09/08  (rcs-revision 1.34)
\pgfpic=\box30
\pgf@hbox=\box31
\pgf@layerbox@main=\box32
\pgf@picture@serial@count=\count133
)
(/usr/share/texmf/tex/generic/pgf/basiclayer/pgfcoregraphicstate.code.tex
File: pgfcoregraphicstate.code.tex 2008/04/22  (rcs-revision 1.9)
\pgflinewidth=\dimen157
)
(/usr/share/texmf/tex/generic/pgf/basiclayer/pgfcoretransformations.code.tex
File: pgfcoretransformations.code.tex 2009/06/10  (rcs-revision 1.11)
\pgf@pt@x=\dimen158
\pgf@pt@y=\dimen159
\pgf@pt@temp=\dimen160
)
(/usr/share/texmf/tex/generic/pgf/basiclayer/pgfcorequick.code.tex
File: pgfcorequick.code.tex 2008/10/09  (rcs-revision 1.3)
)
(/usr/share/texmf/tex/generic/pgf/basiclayer/pgfcoreobjects.code.tex
File: pgfcoreobjects.code.tex 2006/10/11  (rcs-revision 1.2)
)
(/usr/share/texmf/tex/generic/pgf/basiclayer/pgfcorepathprocessing.code.tex
File: pgfcorepathprocessing.code.tex 2008/10/09  (rcs-revision 1.8)
)
(/usr/share/texmf/tex/generic/pgf/basiclayer/pgfcorearrows.code.tex
File: pgfcorearrows.code.tex 2008/04/23  (rcs-revision 1.11)
)
(/usr/share/texmf/tex/generic/pgf/basiclayer/pgfcoreshade.code.tex
File: pgfcoreshade.code.tex 2008/11/23  (rcs-revision 1.13)
\pgf@max=\dimen161
\pgf@sys@shading@range@num=\count134
)
(/usr/share/texmf/tex/generic/pgf/basiclayer/pgfcoreimage.code.tex
File: pgfcoreimage.code.tex 2010/03/25  (rcs-revision 1.16)

(/usr/share/texmf/tex/generic/pgf/basiclayer/pgfcoreexternal.code.tex
File: pgfcoreexternal.code.tex 2010/09/01  (rcs-revision 1.17)
\pgfexternal@startupbox=\box33
))
(/usr/share/texmf/tex/generic/pgf/basiclayer/pgfcorelayers.code.tex
File: pgfcorelayers.code.tex 2010/08/27  (rcs-revision 1.2)
)
(/usr/share/texmf/tex/generic/pgf/basiclayer/pgfcoretransparency.code.tex
File: pgfcoretransparency.code.tex 2008/01/17  (rcs-revision 1.2)
)
(/usr/share/texmf/tex/generic/pgf/basiclayer/pgfcorepatterns.code.tex
File: pgfcorepatterns.code.tex 2009/07/02  (rcs-revision 1.3)
)))
(/usr/share/texmf/tex/generic/pgf/modules/pgfmoduleshapes.code.tex
File: pgfmoduleshapes.code.tex 2010/09/09  (rcs-revision 1.13)
\pgfnodeparttextbox=\box34
)
(/usr/share/texmf/tex/generic/pgf/modules/pgfmoduleplot.code.tex
File: pgfmoduleplot.code.tex 2010/10/22  (rcs-revision 1.8)
)
(/usr/share/texmf/tex/latex/pgf/compatibility/pgfcomp-version-0-65.sty
Package: pgfcomp-version-0-65 2007/07/03 v2.10 (rcs-revision 1.7)
\pgf@nodesepstart=\dimen162
\pgf@nodesepend=\dimen163
)
(/usr/share/texmf/tex/latex/pgf/compatibility/pgfcomp-version-1-18.sty
Package: pgfcomp-version-1-18 2007/07/23 v2.10 (rcs-revision 1.1)
))
(/usr/share/texmf/tex/latex/pgf/utilities/pgffor.sty
(/usr/share/texmf/tex/latex/pgf/utilities/pgfkeys.sty
(/usr/share/texmf/tex/generic/pgf/utilities/pgfkeys.code.tex))
(/usr/share/texmf/tex/generic/pgf/utilities/pgffor.code.tex
Package: pgffor 2010/03/23 v2.10 (rcs-revision 1.18)
\pgffor@iter=\dimen164
\pgffor@skip=\dimen165
\pgffor@stack=\toks38
\pgffor@toks=\toks39
))
(/usr/share/texmf/tex/generic/pgf/frontendlayer/tikz/tikz.code.tex
Package: tikz 2010/10/13 v2.10 (rcs-revision 1.76)

(/usr/share/texmf/tex/generic/pgf/libraries/pgflibraryplothandlers.code.tex
File: pgflibraryplothandlers.code.tex 2010/05/31 v2.10 (rcs-revision 1.15)
\pgf@plot@mark@count=\count135
\pgfplotmarksize=\dimen166
)
\tikz@lastx=\dimen167
\tikz@lasty=\dimen168
\tikz@lastxsaved=\dimen169
\tikz@lastysaved=\dimen170
\tikzleveldistance=\dimen171
\tikzsiblingdistance=\dimen172
\tikz@figbox=\box35
\tikz@tempbox=\box36
\tikztreelevel=\count136
\tikznumberofchildren=\count137
\tikznumberofcurrentchild=\count138
\tikz@fig@count=\count139

(/usr/share/texmf/tex/generic/pgf/modules/pgfmodulematrix.code.tex
File: pgfmodulematrix.code.tex 2010/08/24  (rcs-revision 1.4)
\pgfmatrixcurrentrow=\count140
\pgfmatrixcurrentcolumn=\count141
\pgf@matrix@numberofcolumns=\count142
)
\tikz@expandcount=\count143

(/usr/share/texmf/tex/generic/pgf/frontendlayer/tikz/libraries/tikzlibrarytopat
hs.code.tex
File: tikzlibrarytopaths.code.tex 2008/06/17 v2.10 (rcs-revision 1.2)
))) (/usr/share/texmf-texlive/tex/latex/fancyhdr/fancyhdr.sty
\fancy@headwidth=\skip53
\f@ncyO@elh=\skip54
\f@ncyO@erh=\skip55
\f@ncyO@olh=\skip56
\f@ncyO@orh=\skip57
\f@ncyO@elf=\skip58
\f@ncyO@erf=\skip59
\f@ncyO@olf=\skip60
\f@ncyO@orf=\skip61
)
(/usr/share/texmf-texlive/tex/latex/fancyvrb/fancyvrb.sty
Package: fancyvrb 2008/02/07

Style option: `fancyvrb' v2.7a, with DG/SPQR fixes, and firstline=lastline fix 
<2008/02/07> (tvz)
\FV@CodeLineNo=\count144
\FV@InFile=\read2
\FV@TabBox=\box37
\c@FancyVerbLine=\count145
\FV@StepNumber=\count146
\FV@OutFile=\write4
) (/usr/share/texmf-texlive/tex/latex/tools/longtable.sty
Package: longtable 2004/02/01 v4.11 Multi-page Table package (DPC)
\LTleft=\skip62
\LTright=\skip63
\LTpre=\skip64
\LTpost=\skip65
\LTchunksize=\count147
\LTcapwidth=\dimen173
\LT@head=\box38
\LT@firsthead=\box39
\LT@foot=\box40
\LT@lastfoot=\box41
\LT@cols=\count148
\LT@rows=\count149
\c@LT@tables=\count150
\c@LT@chunks=\count151
\LT@p@ftn=\toks40
)
(/usr/share/texmf-texlive/tex/latex/graphics/lscape.sty
Package: lscape 2000/10/22 v3.01 Landscape Pages (DPC)
)
(/usr/share/texmf-texlive/tex/latex/multirow/multirow.sty
\bigstrutjot=\dimen174
)
(/usr/share/texmf-texlive/tex/latex/tools/tabularx.sty
Package: tabularx 1999/01/07 v2.07 `tabularx' package (DPC)
\TX@col@width=\dimen175
\TX@old@table=\dimen176
\TX@old@col=\dimen177
\TX@target=\dimen178
\TX@delta=\dimen179
\TX@cols=\count152
\TX@ftn=\toks41
)
(/usr/share/texmf-texlive/tex/latex/ltxmisc/boxedminipage.sty)
(/usr/share/texmf-texlive/tex/latex/base/makeidx.sty
Package: makeidx 2000/03/29 v1.0m Standard LaTeX package
)
\@indexfile=\write5
\openout5 = `RPU2013.idx'.


Writing index file RPU2013.idx
\@glossaryfile=\write6
\openout6 = `RPU2013.glo'.

Writing glossary file RPU2013.glo 
(/usr/share/texmf-texlive/tex/latex/upquote/upquote.sty
Package: upquote 2003/08/11 v1.1 Covington's upright-quote modification to verb
atim and verb

(/usr/share/texmf-texlive/tex/latex/base/textcomp.sty
Package: textcomp 2005/09/27 v1.99g Standard LaTeX package
Package textcomp Info: Sub-encoding information:
(textcomp)               5 = only ISO-Adobe without \textcurrency
(textcomp)               4 = 5 + \texteuro
(textcomp)               3 = 4 + \textohm
(textcomp)               2 = 3 + \textestimated + \textcurrency
(textcomp)               1 = TS1 - \textcircled - \t
(textcomp)               0 = TS1 (full)
(textcomp)             Font families with sub-encoding setting implement
(textcomp)             only a restricted character set as indicated.
(textcomp)             Family '?' is the default used for unknown fonts.
(textcomp)             See the documentation for details.
Package textcomp Info: Setting ? sub-encoding to TS1/1 on input line 71.

(/usr/share/texmf-texlive/tex/latex/base/ts1enc.def
File: ts1enc.def 2001/06/05 v3.0e (jk/car/fm) Standard LaTeX file
)
LaTeX Info: Redefining \oldstylenums on input line 266.
Package textcomp Info: Setting cmr sub-encoding to TS1/0 on input line 281.
Package textcomp Info: Setting cmss sub-encoding to TS1/0 on input line 282.
Package textcomp Info: Setting cmtt sub-encoding to TS1/0 on input line 283.
Package textcomp Info: Setting cmvtt sub-encoding to TS1/0 on input line 284.
Package textcomp Info: Setting cmbr sub-encoding to TS1/0 on input line 285.
Package textcomp Info: Setting cmtl sub-encoding to TS1/0 on input line 286.
Package textcomp Info: Setting ccr sub-encoding to TS1/0 on input line 287.
Package textcomp Info: Setting ptm sub-encoding to TS1/4 on input line 288.
Package textcomp Info: Setting pcr sub-encoding to TS1/4 on input line 289.
Package textcomp Info: Setting phv sub-encoding to TS1/4 on input line 290.
Package textcomp Info: Setting ppl sub-encoding to TS1/3 on input line 291.
Package textcomp Info: Setting pag sub-encoding to TS1/4 on input line 292.
Package textcomp Info: Setting pbk sub-encoding to TS1/4 on input line 293.
Package textcomp Info: Setting pnc sub-encoding to TS1/4 on input line 294.
Package textcomp Info: Setting pzc sub-encoding to TS1/4 on input line 295.
Package textcomp Info: Setting bch sub-encoding to TS1/4 on input line 296.
Package textcomp Info: Setting put sub-encoding to TS1/5 on input line 297.
Package textcomp Info: Setting uag sub-encoding to TS1/5 on input line 298.
Package textcomp Info: Setting ugq sub-encoding to TS1/5 on input line 299.
Package textcomp Info: Setting ul8 sub-encoding to TS1/4 on input line 300.
Package textcomp Info: Setting ul9 sub-encoding to TS1/4 on input line 301.
Package textcomp Info: Setting augie sub-encoding to TS1/5 on input line 302.
Package textcomp Info: Setting dayrom sub-encoding to TS1/3 on input line 303.
Package textcomp Info: Setting dayroms sub-encoding to TS1/3 on input line 304.

Package textcomp Info: Setting pxr sub-encoding to TS1/0 on input line 305.
Package textcomp Info: Setting pxss sub-encoding to TS1/0 on input line 306.
Package textcomp Info: Setting pxtt sub-encoding to TS1/0 on input line 307.
Package textcomp Info: Setting txr sub-encoding to TS1/0 on input line 308.
Package textcomp Info: Setting txss sub-encoding to TS1/0 on input line 309.
Package textcomp Info: Setting txtt sub-encoding to TS1/0 on input line 310.
Package textcomp Info: Setting futs sub-encoding to TS1/4 on input line 311.
Package textcomp Info: Setting futx sub-encoding to TS1/4 on input line 312.
Package textcomp Info: Setting futj sub-encoding to TS1/4 on input line 313.
Package textcomp Info: Setting hlh sub-encoding to TS1/3 on input line 314.
Package textcomp Info: Setting hls sub-encoding to TS1/3 on input line 315.
Package textcomp Info: Setting hlst sub-encoding to TS1/3 on input line 316.
Package textcomp Info: Setting hlct sub-encoding to TS1/5 on input line 317.
Package textcomp Info: Setting hlx sub-encoding to TS1/5 on input line 318.
Package textcomp Info: Setting hlce sub-encoding to TS1/5 on input line 319.
Package textcomp Info: Setting hlcn sub-encoding to TS1/5 on input line 320.
Package textcomp Info: Setting hlcw sub-encoding to TS1/5 on input line 321.
Package textcomp Info: Setting hlcf sub-encoding to TS1/5 on input line 322.
Package textcomp Info: Setting pplx sub-encoding to TS1/3 on input line 323.
Package textcomp Info: Setting pplj sub-encoding to TS1/3 on input line 324.
Package textcomp Info: Setting ptmx sub-encoding to TS1/4 on input line 325.
Package textcomp Info: Setting ptmj sub-encoding to TS1/4 on input line 326.
)) (./RPU2013.aux)
\openout1 = `RPU2013.aux'.

LaTeX Font Info:    Checking defaults for OML/cmm/m/it on input line 147.
LaTeX Font Info:    ... okay on input line 147.
LaTeX Font Info:    Checking defaults for T1/cmr/m/n on input line 147.
LaTeX Font Info:    ... okay on input line 147.
LaTeX Font Info:    Checking defaults for OT1/cmr/m/n on input line 147.
LaTeX Font Info:    ... okay on input line 147.
LaTeX Font Info:    Checking defaults for OMS/cmsy/m/n on input line 147.
LaTeX Font Info:    ... okay on input line 147.
LaTeX Font Info:    Checking defaults for OMX/cmex/m/n on input line 147.
LaTeX Font Info:    ... okay on input line 147.
LaTeX Font Info:    Checking defaults for U/cmr/m/n on input line 147.
LaTeX Font Info:    ... okay on input line 147.
LaTeX Font Info:    Checking defaults for PD1/pdf/m/n on input line 147.
LaTeX Font Info:    ... okay on input line 147.
LaTeX Font Info:    Checking defaults for TS1/cmr/m/n on input line 147.
LaTeX Font Info:    Try loading font information for TS1+cmr on input line 147.


(/usr/share/texmf-texlive/tex/latex/base/ts1cmr.fd
File: ts1cmr.fd 1999/05/25 v2.5h Standard LaTeX font definitions
)
LaTeX Font Info:    ... okay on input line 147.
LaTeX Font Info:    Try loading font information for T1+lmr on input line 147.

(/usr/share/texmf/tex/latex/lm/t1lmr.fd
File: t1lmr.fd 2009/10/30 v1.6 Font defs for Latin Modern
)
(/usr/share/texmf-texlive/tex/context/base/supp-pdf.mkii
[Loading MPS to PDF converter (version 2006.09.02).]
\scratchcounter=\count153
\scratchdimen=\dimen180
\scratchbox=\box42
\nofMPsegments=\count154
\nofMParguments=\count155
\everyMPshowfont=\toks42
\MPscratchCnt=\count156
\MPscratchDim=\dimen181
\MPnumerator=\count157
\everyMPtoPDFconversion=\toks43
)
LaTeX Info: Redefining \degres on input line 147.
LaTeX Info: Redefining \dots on input line 147.
LaTeX Info: Redefining \up on input line 147.
 (/usr/share/texmf-texlive/tex/latex/ucs/ucsencs.def
File: ucsencs.def 2003/11/29 Fixes to fontencodings LGR, T3
)
Package hyperref Info: Link coloring ON on input line 147.

(/usr/share/texmf-texlive/tex/latex/hyperref/nameref.sty
Package: nameref 2007/05/29 v2.31 Cross-referencing by name of section

(/usr/share/texmf-texlive/tex/latex/oberdiek/refcount.sty
Package: refcount 2008/08/11 v3.1 Data extraction from references (HO)
)
\c@section@level=\count158
)
LaTeX Info: Redefining \ref on input line 147.
LaTeX Info: Redefining \pageref on input line 147.
 (./RPU2013.out)
(./RPU2013.out)
\@outlinefile=\write7
\openout7 = `RPU2013.out'.

\AtBeginShipoutBox=\box43

*geometry auto-detecting driver*
*geometry detected driver: pdftex*
-------------------- Geometry parameters
paper: class default
landscape: --
twocolumn: --
twoside: true
asymmetric: --
h-parts: 113.81102pt, 415.12572pt, 85.35826pt
v-parts: 56.9055pt, 681.15898pt, 56.9055pt
hmarginratio: --
vmarginratio: --
lines: --
heightrounded: --
bindingoffset: 0.0pt
truedimen: --
includehead: --
includefoot: --
includemp: --
driver: pdftex
-------------------- Page layout dimensions and switches
\paperwidth  614.295pt
\paperheight 794.96999pt
\textwidth  415.12572pt
\textheight 681.15898pt
\oddsidemargin  41.54103pt
\evensidemargin 13.08827pt
\topmargin  -47.23828pt
\headheight 12.0pt
\headsep    19.8738pt
\footskip   30.0pt
\marginparwidth 98.0pt
\marginparsep   7.0pt
\columnsep  10.0pt
\skip\footins  10.8pt plus 4.0pt minus 2.0pt
\hoffset 0.0pt
\voffset 0.0pt
\mag 1000
\@twosidetrue \@mparswitchtrue 
(1in=72.27pt, 1cm=28.45pt)
-----------------------
ABD: EveryShipout initializing macros
(/usr/share/texmf-texlive/tex/latex/ucs/data/uni-0.def
File: uni-0.def 2004/10/17 UCS: Unicode data U+0000..U+00FF
)
LaTeX Font Info:    Try loading font information for OT1+lmr on input line 159.


(/usr/share/texmf/tex/latex/lm/ot1lmr.fd
File: ot1lmr.fd 2009/10/30 v1.6 Font defs for Latin Modern
)
LaTeX Font Info:    Try loading font information for OML+lmm on input line 159.


(/usr/share/texmf/tex/latex/lm/omllmm.fd
File: omllmm.fd 2009/10/30 v1.6 Font defs for Latin Modern
)
LaTeX Font Info:    Try loading font information for OMS+lmsy on input line 159
.

(/usr/share/texmf/tex/latex/lm/omslmsy.fd
File: omslmsy.fd 2009/10/30 v1.6 Font defs for Latin Modern
)
LaTeX Font Info:    Try loading font information for OMX+lmex on input line 159
.

(/usr/share/texmf/tex/latex/lm/omxlmex.fd
File: omxlmex.fd 2009/10/30 v1.6 Font defs for Latin Modern
)
LaTeX Font Info:    External font `lmex10' loaded for size
(Font)              <14.4> on input line 159.
LaTeX Font Info:    External font `lmex10' loaded for size
(Font)              <10> on input line 159.
LaTeX Font Info:    External font `lmex10' loaded for size
(Font)              <7> on input line 159.
LaTeX Font Info:    Try loading font information for U+msa on input line 159.

(/usr/share/texmf-texlive/tex/latex/amsfonts/umsa.fd
File: umsa.fd 2009/06/22 v3.00 AMS symbols A
)
LaTeX Font Info:    Try loading font information for U+msb on input line 159.

(/usr/share/texmf-texlive/tex/latex/amsfonts/umsb.fd
File: umsb.fd 2009/06/22 v3.00 AMS symbols B
) [1





{/var/lib/texmf/fonts/map/pdftex/updmap/pdftex.map}]
LaTeX Font Info:    Try loading font information for T1+lmtt on input line 174.

 (/usr/share/texmf/tex/latex/lm/t1lmtt.fd
File: t1lmtt.fd 2009/10/30 v1.6 Font defs for Latin Modern
)
LaTeX Font Info:    Try loading font information for TS1+lmr on input line 185.


(/usr/share/texmf/tex/latex/lm/ts1lmr.fd
File: ts1lmr.fd 2009/10/30 v1.6 Font defs for Latin Modern
)
LaTeX Font Info:    External font `lmex10' loaded for size
(Font)              <12> on input line 189.
LaTeX Font Info:    External font `lmex10' loaded for size
(Font)              <8> on input line 189.
LaTeX Font Info:    External font `lmex10' loaded for size
(Font)              <6> on input line 189.

Overfull \hbox (10.37987pt too wide) in paragraph at lines 189--190
$[]$ \T1/lmr/m/n/12 RESURAL 2013. This con-tent is avail-able un-der a Cre-ativ
e Com-mons Attribution-
 []


Underfull \hbox (badness 10000) in paragraph at lines 189--190

 []


Overfull \hbox (24.13661pt too wide) in paragraph at lines 191--192
\T1/lmr/m/n/12 For li-cense and at-tri-bu-tion guid-ance, see [][]$\T1/lmtt/m/n
/12 http : / / www . openintro . org / perm / stat2nd _
 []


Package Fancyhdr Warning: \headheight is too small (12.0pt): 
 Make it at least 14.49998pt.
 We now make it that large for the rest of the document.
 This may cause the page layout to be inconsistent, however.

[2] (./RPU2013.toc [1


]

Package Fancyhdr Warning: \headheight is too small (14.49998pt): 
 Make it at least 15.39603pt.
 We now make it that large for the rest of the document.
 This may cause the page layout to be inconsistent, however.

[2])
\tf@toc=\write8
\openout8 = `RPU2013.toc'.

 [3] [4

] (./RPU2013.lot [5])
\tf@lot=\write9
\openout9 = `RPU2013.lot'.

 [6] (./RPU2013.lof)
\tf@lof=\write10
\openout10 = `RPU2013.lof'.



Package xcolor Warning: Incompatible color definition on input line 205.

LaTeX Font Info:    Font shape `T1/lmtt/bx/n' in size <12> not available
(Font)              Font shape `T1/lmtt/b/n' tried instead on input line 208.

Package xcolor Warning: Incompatible color definition on input line 208.


Package xcolor Warning: Incompatible color definition on input line 210.

[7

] [8

] [9] [10

] [11] [12]
Chapitre 1.
[13

] [14

]
Chapitre 2.

Package xcolor Warning: Incompatible color definition on input line 273.

<figure/carte_secteurs_sanitaires.pdf, id=660, 505.89pt x 505.89pt>
File: figure/carte_secteurs_sanitaires.pdf Graphic file (type pdf)

<use figure/carte_secteurs_sanitaires.pdf>
Overfull \hbox (17.62482pt too wide) in paragraph at lines 274--275
[][] 
 []


Underfull \vbox (badness 10000) has occurred while \output is active []

 [15]
<../doc/cartographie/RPU2013_Carto_Pop/figure/zone_proximite.png, id=669, 505.8
9pt x 505.89pt>
File: ../doc/cartographie/RPU2013_Carto_Pop/figure/zone_proximite.png Graphic f
ile (type png)

<use ../doc/cartographie/RPU2013_Carto_Pop/figure/zone_proximite.png>
Overfull \hbox (11.67159pt too wide) in paragraph at lines 305--307
 [][] 
 []

[16 <./figure/carte_secteurs_sanitaires.pdf>]

LaTeX Warning: Reference `Population_municipale' on page 17 undefined on input 
line 320.


Underfull \hbox (badness 5771) in paragraph at lines 322--322
[][][]\T1/lmr/m/n/10 .[][]http ://www.insee.fr/fr/ppp/bases-de-donnees/recensem
ent/populations-legales/france-
 []


Underfull \vbox (badness 1292) has occurred while \output is active []

 [17 <../doc/cartographie/RPU2013_Carto_Pop/figure/zone_proximite.png>]
<../doc/cartographie/RPU2013_Carto_Pop/figure/75ans.png, id=703, 505.89pt x 505
.89pt>
File: ../doc/cartographie/RPU2013_Carto_Pop/figure/75ans.png Graphic file (type
 png)
 <use ../doc/cartographie/RPU2013_Carto_Pop/figure/75ans.png>
Overfull \hbox (11.67159pt too wide) in paragraph at lines 384--386
 [][] 
 []

[18] [19 <../doc/cartographie/RPU2013_Carto_Pop/figure/75ans.png>]
Overfull \hbox (17.05081pt too wide) in paragraph at lines 423--424
[]\T1/lmr/m/n/12 La clin-ique du Di-a-conat de Stras-bourg (groupe des "Clin-iq
ues de Stras-bourg"),bien
 []

[20] [21]

Package xcolor Warning: Incompatible color definition on input line 494.


Package xcolor Warning: Incompatible color definition on input line 497.

<figure/carte_sau_2.pdf, id=745, 505.89pt x 505.89pt>
File: figure/carte_sau_2.pdf Graphic file (type pdf)

<use figure/carte_sau_2.pdf>
Overfull \hbox (76.26799pt too wide) in paragraph at lines 510--531
 [] 
 []

[22


 <./figure/carte_sau_2.pdf>] [23] [24

]
Chapitre 3.

Overfull \hbox (5.16454pt too wide) in paragraph at lines 563--581
 [][] 
 []


Underfull \vbox (badness 3590) has occurred while \output is active []

 [25]

Package xcolor Warning: Incompatible color definition on input line 639.


Overfull \hbox (10.9495pt too wide) in paragraph at lines 651--651
[]           \T1/lmtt/m/n/12 id   CODE_POSTAL       COMMUNE   DESTINATION      
      DP[] 
 []


Overfull \hbox (10.9495pt too wide) in paragraph at lines 651--651
[]          \T1/lmtt/m/n/12 0.0           0.0           0.0          78.7      
    33.8[] 
 []


Overfull \hbox (10.9495pt too wide) in paragraph at lines 651--651
[]       \T1/lmtt/m/n/12 ENTREE       EXTRACT        FINESS       GRAVITE   MOD
E_ENTREE[] 
 []


Overfull \hbox (10.94249pt too wide) in paragraph at lines 651--651
[]          \T1/lmtt/m/n/12 0.0           0.0           0.0          14.4      
     9.4[] 
 []


Overfull \hbox (10.9495pt too wide) in paragraph at lines 651--651
[]  \T1/lmtt/m/n/12 MODE_SORTIE         MOTIF     NAISSANCE   ORIENTATION    PR
OVENANCE[] 
 []


Overfull \hbox (10.9495pt too wide) in paragraph at lines 651--651
[]         \T1/lmtt/m/n/12 14.0          35.8           0.0          80.0      
    35.0[] 
 []


Overfull \hbox (10.9495pt too wide) in paragraph at lines 651--651
[]         \T1/lmtt/m/n/12 SEXE        SORTIE     TRANSPORT TRANSPORT_PEC      
     AGE[] 
 []


Overfull \hbox (10.94249pt too wide) in paragraph at lines 651--651
[]          \T1/lmtt/m/n/12 0.0           8.9          23.3          25.5      
     0.0[] 
 []

[26] <figure/radar.pdf, id=778, 505.89pt x 505.89pt>
File: figure/radar.pdf Graphic file (type pdf)
 <use figure/radar.pdf>
Overfull \hbox (17.62482pt too wide) in paragraph at lines 653--654
[][] 
 []

[27 <./figure/radar.pdf>] [28]
Chapitre 4.
[29

] [30

]
Chapitre 5.
[31]

Package Fancyhdr Warning: \headheight is too small (15.39603pt): 
 Make it at least 27.11653pt.
 We now make it that large for the rest of the document.
 This may cause the page layout to be inconsistent, however.

[32

]
Chapitre 6.
[33] [34] (/usr/share/texmf-texlive/tex/latex/ucs/data/uni-32.def
File: uni-32.def 2004/10/17 UCS: Unicode data U+2000..U+20FF
) [35]
[36] [37

] [38]
Chapitre 7.

Package xcolor Warning: Incompatible color definition on input line 987.

<figure/activite_plot.pdf, id=893, 505.89pt x 505.89pt>
File: figure/activite_plot.pdf Graphic file (type pdf)

<use figure/activite_plot.pdf>
Overfull \hbox (17.62482pt too wide) in paragraph at lines 988--989
[][] 
 []


Package xcolor Warning: Incompatible color definition on input line 994.

<figure/activite_plot2.pdf, id=894, 505.89pt x 505.89pt>
Underfull \vbox (badness 10000) has occurred while \output is active []

 [39

]
File: figure/activite_plot2.pdf Graphic file (type pdf)

<use figure/activite_plot2.pdf>
Overfull \hbox (17.62482pt too wide) in paragraph at lines 995--996
[][] 
 []


Underfull \vbox (badness 10000) has occurred while \output is active []

 [40 <./figure/activite_plot.pdf>] <figure/val_abs.pdf, id=909, 505.89pt x 505.
89pt>
File: figure/val_abs.pdf Graphic file (type pdf)

<use figure/val_abs.pdf>
Overfull \hbox (17.62482pt too wide) in paragraph at lines 1027--1028
[][] 
 []


Underfull \vbox (badness 10000) has occurred while \output is active []

 [41 <./figure/activite_plot2.pdf>]

Package xcolor Warning: Incompatible color definition on input line 1033.

<figure/en_pourcentage.pdf, id=921, 505.89pt x 505.89pt>
Underfull \vbox (badness 4156) has occurred while \output is active []

 [42 <./figure/val_abs.pdf>]
File: figure/en_pourcentage.pdf Graphic file (type pdf)
 <use figure/en_pourcentage.pdf>
Overfull \hbox (17.62482pt too wide) in paragraph at lines 1034--1035
[][] 
 []


Package xcolor Warning: Incompatible color definition on input line 1050.


Overfull \hbox (23.2995pt too wide) in paragraph at lines 1055--1055
[]  \T1/lmtt/m/n/12 Jan   Feb   Mar   Apr   May   Jun   Jul   Aug   Sep   Oct  
 Nov   Dec[] 
 []


Overfull \hbox (23.19444pt too wide) in paragraph at lines 1055--1055
[]\T1/lmtt/m/n/12 25609 25004 26937 28428 27899 30038 30103 29693 29190 29858 2
7657 29922[] 
 []

<figure/parmois.pdf, id=935, 505.89pt x 578.16pt>
File: figure/parmois.pdf Graphic file (type pdf)
 <use figure/parmois.pdf>
Overfull \hbox (17.62482pt too wide) in paragraph at lines 1057--1058
[][] 
 []

[43 <./figure/en_pourcentage.pdf>]

LaTeX Warning: Float too large for page by 124.63998pt on input line 1129.


Overfull \hbox (1484.24686pt too wide) in paragraph at lines 1134--1141
 [][] 
 []

<figure/act_sem.pdf, id=951, 505.89pt x 578.16pt>
File: figure/act_sem.pdf Graphic file (type pdf)
 <use figure/act_sem.pdf>
Overfull \hbox (17.62482pt too wide) in paragraph at lines 1145--1146
[][] 
 []


Underfull \vbox (badness 10000) has occurred while \output is active []

 [44 <./figure/parmois.pdf>]

Package xcolor Warning: Incompatible color definition on input line 1151.

<figure/activite_semaine.pdf, id=962, 505.89pt x 578.16pt>
File: figure/activite_semaine.pdf Graphic file (type pdf)

<use figure/activite_semaine.pdf>
Overfull \hbox (17.62482pt too wide) in paragraph at lines 1158--1159
[][] 
 []


Underfull \vbox (badness 10000) has occurred while \output is active []

 [45 <./figure/act_sem.pdf>]

Package xcolor Warning: Incompatible color definition on input line 1165.

<figure/activite_heure.pdf, id=974, 505.89pt x 505.89pt>
File: figure/activite_heure.pdf Graphic file (type pdf)

<use figure/activite_heure.pdf>
Overfull \hbox (17.62482pt too wide) in paragraph at lines 1166--1167
[][] 
 []


Underfull \vbox (badness 10000) has occurred while \output is active []

 [46 <./figure/activite_semaine.pdf>] [47 <./figure/activite_heure.pdf>]

Package xcolor Warning: Incompatible color definition on input line 1207.

<figure/test23.pdf, id=1003, 505.89pt x 361.35pt>
File: figure/test23.pdf Graphic file (type pdf)
 <use figure/test23.pdf>

Package xcolor Warning: Incompatible color definition on input line 1221.

<figure/test25.pdf, id=1004, 505.89pt x 722.7pt>
File: figure/test25.pdf Graphic file (type pdf)
 <use figure/test25.pdf>

Package xcolor Warning: Incompatible color definition on input line 1235.

<figure/test2.pdf, id=1005, 505.89pt x 361.35pt>
File: figure/test2.pdf Graphic file (type pdf)
 <use figure/test2.pdf>

Package xcolor Warning: Incompatible color definition on input line 1249.

<figure/test26.pdf, id=1006, 505.89pt x 722.7pt>
File: figure/test26.pdf Graphic file (type pdf)
 <use figure/test26.pdf>

Package xcolor Warning: Incompatible color definition on input line 1262.

<figure/test27.pdf, id=1007, 505.89pt x 722.7pt>
File: figure/test27.pdf Graphic file (type pdf)
 <use figure/test27.pdf>
<figure/tranche.pdf, id=1008, 505.89pt x 505.89pt>
File: figure/tranche.pdf Graphic file (type pdf)
 <use figure/tranche.pdf>
Overfull \hbox (17.62482pt too wide) in paragraph at lines 1297--1298
[][] 
 []


Underfull \vbox (badness 10000) has occurred while \output is active []

 [48 <./figure/test23.pdf>] [49 <./figure/test25.pdf>]
Underfull \vbox (badness 10000) has occurred while \output is active []

 [50 <./figure/test2.pdf>] [51 <./figure/test26.pdf>] [52 <./figure/test27.pdf>
] [53 <./figure/tranche.pdf>] [54] [55] [56

]
Chapitre 8.

Overfull \hbox (61.2989pt too wide) in paragraph at lines 1318--1325
 [][] 
 []

<figure/motifss1.pdf, id=1085, 505.89pt x 505.89pt>
File: figure/motifss1.pdf Graphic file (type pdf)
 <use figure/motifss1.pdf>
Overfull \hbox (17.62482pt too wide) in paragraph at lines 1329--1330
[][] 
 []

<figure/motifss2.pdf, id=1086, 505.89pt x 505.89pt>
Underfull \vbox (badness 10000) has occurred while \output is active []

 [57]
File: figure/motifss2.pdf Graphic file (type pdf)

<use figure/motifss2.pdf>
Overfull \hbox (17.62482pt too wide) in paragraph at lines 1331--1332
[][] 
 []


Underfull \vbox (badness 10000) has occurred while \output is active []

 [58 <./figure/motifss1.pdf>]
Overfull \hbox (2.78186pt too wide) in paragraph at lines 1340--1341
[]\T1/lmr/m/n/12 Cependant seuls quelques étab-lisse-ments sai-sis-sent cette i
n-for-ma-tion sous forme
 []


Overfull \hbox (7.18674pt too wide) in paragraph at lines 1357--1358
[]\T1/lmr/m/n/12 Données ren-seignées, ex-ploita-bles mais à met-tre en con-for
-mité avec le thésaurus : 
 []

[59 <./figure/motifss2.pdf>] [60]
Chapitre 9.
<figure/mode_entree.pdf, id=1119, 505.89pt x 505.89pt>
File: figure/mode_entree.pdf Graphic file (type pdf)

<use figure/mode_entree.pdf>
Overfull \hbox (17.62482pt too wide) in paragraph at lines 1384--1403
[][]
 []


Underfull \vbox (badness 10000) has occurred while \output is active []

 [61

]
[62 <./figure/mode_entree.pdf>]
<figure/transport.pdf, id=1136, 505.89pt x 505.89pt>
File: figure/transport.pdf Graphic file (type pdf)

<use figure/transport.pdf>
Overfull \hbox (17.62482pt too wide) in paragraph at lines 1414--1436
[][]
 []

[63 <./figure/transport.pdf>]

Package xcolor Warning: Incompatible color definition on input line 1448.

<figure/origine_geo.pdf, id=1147, 578.16pt x 505.89pt>
File: figure/origine_geo.pdf Graphic file (type pdf)

<use figure/origine_geo.pdf>
Overfull \hbox (17.62482pt too wide) in paragraph at lines 1449--1450
[][] 
 []

[64 <./figure/origine_geo.pdf>]
Chapitre 10.

Package xcolor Warning: Incompatible color definition on input line 1488.

<figure/log_passages.pdf, id=1159, 578.16pt x 505.89pt>
File: figure/log_passages.pdf Graphic file (type pdf)

<use figure/log_passages.pdf>

Package xcolor Warning: Incompatible color definition on input line 1504.


Package xcolor Warning: Incompatible color definition on input line 1515.


Overfull \hbox (29.4745pt too wide) in paragraph at lines 1523--1523
[]     \T1/lmtt/m/n/12 3Fr   Alk   Col   Dia    Geb    Hag   Hus   Mul    Odi  
 Sel    Wis[] 
 []


Overfull \hbox (29.44649pt too wide) in paragraph at lines 1523--1523
[]\T1/lmtt/m/n/12 n 179.00 64.00 283.0 246.0 108.00 165.00 21430 442.0 108.00 4
2.00 151.00[] 
 []


Overfull \hbox (29.43948pt too wide) in paragraph at lines 1523--1523
[]\T1/lmtt/m/n/12 %   0.77  0.27   1.2   1.1   0.46   0.71    92   1.9   0.46  
0.18   0.65[] 
 []


Package xcolor Warning: Incompatible color definition on input line 1533.

<figure/passages_clean_hist.pdf, id=1160, 578.16pt x 505.89pt>
File: figure/passages_clean_hist.pdf Graphic file (type pdf)

<use figure/passages_clean_hist.pdf> [65

]

Package xcolor Warning: Incompatible color definition on input line 1555.

<figure/graphe_duree_moyenne_passage.pdf, id=1166, 578.16pt x 505.89pt>
File: figure/graphe_duree_moyenne_passage.pdf Graphic file (type pdf)

<use figure/graphe_duree_moyenne_passage.pdf>

Package xcolor Warning: Incompatible color definition on input line 1577.

<figure/hist_tous_passages.pdf, id=1168, 578.16pt x 505.89pt>
File: figure/hist_tous_passages.pdf Graphic file (type pdf)

<use figure/hist_tous_passages.pdf>

Package xcolor Warning: Incompatible color definition on input line 1640.

<figure/bp_periode.pdf, id=1169, 578.16pt x 505.89pt>
File: figure/bp_periode.pdf Graphic file (type pdf)

<use figure/bp_periode.pdf>

Package xcolor Warning: Incompatible color definition on input line 1655.

<figure/periode_2.pdf, id=1172, 578.16pt x 505.89pt>
File: figure/periode_2.pdf Graphic file (type pdf)

<use figure/periode_2.pdf>

Package xcolor Warning: Incompatible color definition on input line 1668.

<figure/periode_1.pdf, id=1173, 578.16pt x 505.89pt>
File: figure/periode_1.pdf Graphic file (type pdf)

<use figure/periode_1.pdf>

Package xcolor Warning: Incompatible color definition on input line 1700.

<figure/periode_4.pdf, id=1176, 578.16pt x 505.89pt>
File: figure/periode_4.pdf Graphic file (type pdf)

<use figure/periode_4.pdf> [66 <./figure/log_passages.pdf>]

Package xcolor Warning: Incompatible color definition on input line 1763.

<figure/age_groupe2.pdf, id=1196, 578.16pt x 505.89pt>
File: figure/age_groupe2.pdf Graphic file (type pdf)

<use figure/age_groupe2.pdf> [67 <./figure/passages_clean_hist.pdf>]

Package xcolor Warning: Incompatible color definition on input line 1803.

<figure/bp_jour_presence.pdf, id=1209, 578.16pt x 505.89pt>
File: figure/bp_jour_presence.pdf Graphic file (type pdf)

<use figure/bp_jour_presence.pdf>

Package xcolor Warning: Incompatible color definition on input line 1884.

<figure/bp_duree_dest.pdf, id=1216, 578.16pt x 505.89pt>
File: figure/bp_duree_dest.pdf Graphic file (type pdf)

<use figure/bp_duree_dest.pdf> [68 <./figure/graphe_duree_moyenne_passage.pdf>]

Package xcolor Warning: Incompatible color definition on input line 1924.

<figure/duree_gravite2.pdf, id=1231, 578.16pt x 505.89pt>
File: figure/duree_gravite2.pdf Graphic file (type pdf)

<use figure/duree_gravite2.pdf> [69 <./figure/hist_tous_passages.pdf>] [70 <./f
igure/bp_periode.pdf>] [71 <./figure/periode_2.pdf>] [72 <./figure/periode_1.pd
f>] [73 <./figure/periode_4.pdf>] [74 <./figure/age_groupe2.pdf>] [75 <./figure
/bp_jour_presence.pdf>] [76 <./figure/bp_duree_dest.pdf>] [77 <./figure/duree_g
ravite2.pdf>] [78

]
Chapitre 11.

Overfull \hbox (1.66063pt too wide) in paragraph at lines 1996--1997
[]\T1/lmr/m/n/12 Ventilation des di-ag-nos-tics prin-ci-paux en fonc-tion des 2
2 chapitres de la CIM10.
 []


Underfull \hbox (badness 10000) in paragraph at lines 2009--2009
[]|\T1/lmr/m/n/12 Certaines mal-adies
 []


Underfull \hbox (badness 2538) in paragraph at lines 2009--2009
\T1/lmr/m/n/12 in-fec-tieuses et par-a-
 []


Underfull \hbox (badness 10000) in paragraph at lines 2012--2012
[]|\T1/lmr/m/n/12 Maladies du sang
 []


Underfull \hbox (badness 4981) in paragraph at lines 2012--2012
\T1/lmr/m/n/12 et des or-ganes hé-
 []


Underfull \hbox (badness 10000) in paragraph at lines 2012--2012
\T1/lmr/m/n/12 matopoïé-tiques et
 []


Underfull \hbox (badness 2762) in paragraph at lines 2012--2012
\T1/lmr/m/n/12 cer-tains trou-bles du
 []


Underfull \hbox (badness 10000) in paragraph at lines 2014--2014
[]|\T1/lmr/m/n/12 Maladies en-docrini-
 []


Underfull \hbox (badness 1648) in paragraph at lines 2014--2014
\T1/lmr/m/n/12 ennes, nu-tri-tion-nelles
 []


Underfull \hbox (badness 2582) in paragraph at lines 2022--2022
[]|\T1/lmr/m/n/12 Maladies de l'or-eille
 []


Underfull \hbox (badness 10000) in paragraph at lines 2032--2032
\T1/lmr/m/n/12 os-téoar-tic-u-laire, des
 []


Underfull \hbox (badness 2253) in paragraph at lines 2032--2032
\T1/lmr/m/n/12 mus-cles et du tissu
 []


Underfull \hbox (badness 10000) in paragraph at lines 2036--2036
[]|\T1/lmr/m/n/12 Grossesse, ac-couche-
 []


Underfull \hbox (badness 10000) in paragraph at lines 2038--2038
[]|\T1/lmr/m/n/12 Certaines af-fec-tions
 []


Underfull \hbox (badness 10000) in paragraph at lines 2038--2038
\T1/lmr/m/n/12 dont l'o-rig-ine se
 []


Underfull \hbox (badness 10000) in paragraph at lines 2042--2042
\T1/lmr/m/n/12 ré-sul-tats anor-maux
 []


Underfull \hbox (badness 10000) in paragraph at lines 2042--2042
\T1/lmr/m/n/12 d'ex-a-m-ens clin-iques
 []


Underfull \hbox (badness 10000) in paragraph at lines 2044--2044
\T1/lmr/m/n/12 em-poi-son-nements et
 []


Underfull \hbox (badness 3396) in paragraph at lines 2044--2044
\T1/lmr/m/n/12 séquences de causes
 []


Underfull \hbox (badness 7704) in paragraph at lines 2046--2046
[]|\T1/lmr/m/n/12 Causes ex-ternes de
 []


Overfull \hbox (20.22835pt too wide) in alignment at lines 2004--2047
 [] [] [] [] [] [] 
 []


Underfull \vbox (badness 10000) detected at line 2047
 []


Underfull \hbox (badness 10000) in paragraph at lines 2050--2050
[]|\T1/lmr/m/n/12 Codes d'u-til-i-sa-tion
 []


Overfull \hbox (20.22835pt too wide) in alignment at lines 2047--2053
 [] [] [] [] [] [] 
 []

[79]

Package xcolor Warning: Incompatible color definition on input line 2058.

<figure/class_cim10.pdf, id=1339, 505.89pt x 505.89pt>
File: figure/class_cim10.pdf Graphic file (type pdf)

<use figure/class_cim10.pdf>
Overfull \hbox (17.62482pt too wide) in paragraph at lines 2059--2060
[][] 
 []


Underfull \vbox (badness 6708) has occurred while \output is active []

 [80]
[81 <./figure/class_cim10.pdf>]
Overfull \hbox (68.9491pt too wide) in alignment at lines 2108--2131
 [] [] 
 []


Underfull \vbox (badness 10000) detected at line 2131
 []


Overfull \hbox (68.9491pt too wide) in alignment at lines 2131--2151
 [] [] 
 []


Overfull \hbox (68.9491pt too wide) in alignment at lines 2151--2161
 [] [] 
 []

[82]

Package xcolor Warning: Incompatible color definition on input line 2177.

<figure/heure_avc1.pdf, id=1359, 505.89pt x 505.89pt>
File: figure/heure_avc1.pdf Graphic file (type pdf)

<use figure/heure_avc1.pdf>
Overfull \hbox (17.62482pt too wide) in paragraph at lines 2178--2179
[][] 
 []

<figure/heure_avc2.pdf, id=1360, 505.89pt x 505.89pt>
Underfull \vbox (badness 10000) has occurred while \output is active []

 [83]
File: figure/heure_avc2.pdf Graphic file (type pdf)

<use figure/heure_avc2.pdf>
Overfull \hbox (17.62482pt too wide) in paragraph at lines 2180--2181
[][] 
 []


Underfull \vbox (badness 10000) has occurred while \output is active []

 [84 <./figure/heure_avc1.pdf>] [85 <./figure/heure_avc2.pdf>]

Package xcolor Warning: Incompatible color definition on input line 2218.


Package xcolor Warning: Incompatible color definition on input line 2221.


Package xcolor Warning: Incompatible color definition on input line 2231.


Package xcolor Warning: Incompatible color definition on input line 2233.


Overfull \hbox (32.17342pt too wide) in paragraph at lines 2233--2234
[]\T1/lmtt/b/n/12 Error: erreur d'évaluation de l'argument 'x' lors de la sélec
tion d'une
 []


Package xcolor Warning: Incompatible color definition on input line 2235.


Package xcolor Warning: Incompatible color definition on input line 2243.


Package xcolor Warning: Incompatible color definition on input line 2256.

<figure/avc_sexe1.pdf, id=1387, 505.89pt x 505.89pt>
File: figure/avc_sexe1.pdf Graphic file (type pdf)

<use figure/avc_sexe1.pdf>
Overfull \hbox (17.62482pt too wide) in paragraph at lines 2262--2263
[][] 
 []

<figure/avc_sexe2.pdf, id=1388, 505.89pt x 505.89pt> [86]
File: figure/avc_sexe2.pdf Graphic file (type pdf)

<use figure/avc_sexe2.pdf>
Overfull \hbox (17.62482pt too wide) in paragraph at lines 2264--2265
[][] 
 []

<figure/avc_sexe3.pdf, id=1396, 505.89pt x 505.89pt>
Underfull \vbox (badness 10000) has occurred while \output is active []

 [87 <./figure/avc_sexe1.pdf>]
File: figure/avc_sexe3.pdf Graphic file (type pdf)
 <use figure/avc_sexe3.pdf>
Overfull \hbox (17.62482pt too wide) in paragraph at lines 2266--2267
[][] 
 []

<figure/avc_sexe4.pdf, id=1407, 505.89pt x 505.89pt>
Underfull \vbox (badness 10000) has occurred while \output is active []

 [88 <./figure/avc_sexe2.pdf>]
File: figure/avc_sexe4.pdf Graphic file (type pdf)
 <use figure/avc_sexe4.pdf>
Overfull \hbox (17.62482pt too wide) in paragraph at lines 2268--2269
[][] 
 []


Underfull \vbox (badness 10000) has occurred while \output is active []

 [89 <./figure/avc_sexe3.pdf>]
Overfull \hbox (70.08124pt too wide) in alignment at lines 2281--2292
 [] [] 
 []


Underfull \vbox (badness 10000) detected at line 2292
 []


Package xcolor Warning: Incompatible color definition on input line 2299.

<figure/ait.pdf, id=1430, 505.89pt x 505.89pt>
File: figure/ait.pdf Graphic file (type pdf)
 <use figure/ait.pdf>
Overfull \hbox (17.62482pt too wide) in paragraph at lines 2300--2301
[][] 
 []


Underfull \vbox (badness 10000) has occurred while \output is active []

 [90 <./figure/avc_sexe4.pdf>]

Package xcolor Warning: Incompatible color definition on input line 2322.


Package xcolor Warning: Incompatible color definition on input line 2325.


Package xcolor Warning: Incompatible color definition on input line 2327.


Overfull \hbox (23.2995pt too wide) in paragraph at lines 2327--2328
[]\T1/lmtt/m/n/12 ## Warning: impossible d'ouvrir le fichier '../mes_fonctions.
R' : Aucun
 []


Package xcolor Warning: Incompatible color definition on input line 2329.

[91 <./figure/ait.pdf>]
Overfull \hbox (5.67227pt too wide) in paragraph at lines 2338--2340
[]\T1/lmr/m/n/12 Les pneu-mopathies bac-téri-ennes sans pré-ci-sion sont cotées
 J15.9 Dans la CIM10.
 []


Package xcolor Warning: Incompatible color definition on input line 2344.


Package xcolor Warning: Incompatible color definition on input line 2347.


Package xcolor Warning: Incompatible color definition on input line 2349.


Package xcolor Warning: Incompatible color definition on input line 2351.


Package xcolor Warning: Incompatible color definition on input line 2357.

LaTeX Font Info:    Try loading font information for TS1+lmtt on input line 236
1.
(/usr/share/texmf/tex/latex/lm/ts1lmtt.fd
File: ts1lmtt.fd 2009/10/30 v1.6 Font defs for Latin Modern
)

Package xcolor Warning: Incompatible color definition on input line 2368.


Package xcolor Warning: Incompatible color definition on input line 2378.


Overfull \hbox (41.82451pt too wide) in paragraph at lines 2384--2384
[]\T1/lmtt/m/n/12 ##  CHIR FUGUE   HDT    HO   MED  OBST   PSA   REA   REO    S
C  SCAM    SI[] 
 []


Overfull \hbox (41.82451pt too wide) in paragraph at lines 2384--2384
[]\T1/lmtt/m/n/12 ##    13     0     0     0   280     0     0    11     0     
5     0     2[] 
 []


Package xcolor Warning: Incompatible color definition on input line 2397.

<figure/grippe.pdf, id=1452, 505.89pt x 505.89pt>
File: figure/grippe.pdf Graphic file (type pdf)
 <use figure/grippe.pdf>
Overfull \hbox (17.62482pt too wide) in paragraph at lines 2398--2399
[][] 
 []


Underfull \vbox (badness 3568) has occurred while \output is active []

 [92]
<figure/asthme.pdf, id=1458, 505.89pt x 505.89pt>
File: figure/asthme.pdf Graphic file (type pdf)
 <use figure/asthme.pdf>
Overfull \hbox (17.62482pt too wide) in paragraph at lines 2434--2454
[][]
 []

[93 <./figure/grippe.pdf>] <figure/asthme21.pdf, id=1469, 505.89pt x 505.89pt>
File: figure/asthme21.pdf Graphic file (type pdf)

<use figure/asthme21.pdf>
Overfull \hbox (17.62482pt too wide) in paragraph at lines 2460--2461
[][] 
 []

<figure/asthme22.pdf, id=1470, 505.89pt x 505.89pt>
Underfull \vbox (badness 10000) has occurred while \output is active []

 [94 <./figure/asthme.pdf>]
File: figure/asthme22.pdf Graphic file (type pdf)
 <use figure/asthme22.pdf>

LaTeX Warning: Float too large for page by 139.13997pt on input line 2529.


Overfull \hbox (17.62482pt too wide) in paragraph at lines 2462--2530
[][]
 []


Underfull \vbox (badness 10000) has occurred while \output is active []

 [95 <./figure/asthme21.pdf>]

LaTeX Warning: Reference `tab:age_asthme' on page 96 undefined on input line 25
34.


LaTeX Warning: Reference `tab:age_asthme' on page 96 undefined on input line 25
34.


Package xcolor Warning: Incompatible color definition on input line 2536.


Package xcolor Warning: Incompatible color definition on input line 2539.


Package xcolor Warning: Incompatible color definition on input line 2541.


Package xcolor Warning: Incompatible color definition on input line 2543.


Package xcolor Warning: Incompatible color definition on input line 2545.


Overfull \hbox (6.97346pt too wide) in paragraph at lines 2545--2546
[]\T1/lmtt/b/n/12 ## Error: attempt to set 'rownames' on an object with no dime
nsions[] 
 []


Package xcolor Warning: Incompatible color definition on input line 2547.


Overfull \hbox (0.67348pt too wide) in paragraph at lines 2547--2547
[]\T1/lmtt/b/n/12 ## Error: pas de méthode pour 'xtable' applicable pour un obj
et de
 []


Package xcolor Warning: Incompatible color definition on input line 2547.


Package xcolor Warning: Incompatible color definition on input line 2547.


LaTeX Warning: Reference `tab:ccmu_asthme' on page 96 undefined on input line 2
550.


LaTeX Warning: Reference `tab:ccmu_asthme' on page 96 undefined on input line 2
550.

[96 <./figure/asthme22.pdf>]

Package xcolor Warning: Incompatible color definition on input line 2572.

<figure/bron1.pdf, id=1502, 505.89pt x 505.89pt>
File: figure/bron1.pdf Graphic file (type pdf)
 <use figure/bron1.pdf>
Overfull \hbox (17.62482pt too wide) in paragraph at lines 2573--2574
[][] 
 []

<figure/bron2.pdf, id=1503, 505.89pt x 505.89pt>
File: figure/bron2.pdf Graphic file (type pdf)
 <use figure/bron2.pdf>
Overfull \hbox (17.62482pt too wide) in paragraph at lines 2575--2576
[][] 
 []


Underfull \vbox (badness 10000) has occurred while \output is active []

 [97 <./figure/bron1.pdf>]

Package xcolor Warning: Incompatible color definition on input line 2592.

<figure/co.pdf, id=1514, 505.89pt x 505.89pt>
File: figure/co.pdf Graphic file (type pdf)
 <use figure/co.pdf>
Overfull \hbox (17.62482pt too wide) in paragraph at lines 2599--2600
[][] 
 []


Underfull \vbox (badness 10000) has occurred while \output is active []

 [98 <./figure/bron2.pdf>]

Package xcolor Warning: Incompatible color definition on input line 2611.

<figure/malaises.pdf, id=1525, 505.89pt x 505.89pt>
File: figure/malaises.pdf Graphic file (type pdf)
 <use figure/malaises.pdf>
Overfull \hbox (17.62482pt too wide) in paragraph at lines 2612--2613
[][] 
 []


Underfull \vbox (badness 10000) has occurred while \output is active []

 [99 <./figure/co.pdf>]

Package xcolor Warning: Incompatible color definition on input line 2620.

<figure/malaises_invs1.pdf, id=1536, 505.89pt x 505.89pt>
File: figure/malaises_invs1.pdf Graphic file (type pdf)

<use figure/malaises_invs1.pdf>
Overfull \hbox (17.62482pt too wide) in paragraph at lines 2621--2622
[][] 
 []

<figure/malaises_invs2.pdf, id=1537, 505.89pt x 505.89pt>
Underfull \vbox (badness 10000) has occurred while \output is active []

 [100 <./figure/malaises.pdf>]
File: figure/malaises_invs2.pdf Graphic file (type pdf)
 <use figure/malaises_invs2.pdf>
Overfull \hbox (17.62482pt too wide) in paragraph at lines 2623--2624
[][] 
 []


Underfull \vbox (badness 10000) has occurred while \output is active []

 [101 <./figure/malaises_invs1.pdf>]

Package xcolor Warning: Incompatible color definition on input line 2639.

<figure/canicule1.pdf, id=1559, 505.89pt x 505.89pt>
File: figure/canicule1.pdf Graphic file (type pdf)

<use figure/canicule1.pdf>
Overfull \hbox (17.62482pt too wide) in paragraph at lines 2640--2641
[][] 
 []

<figure/canicule2.pdf, id=1560, 505.89pt x 505.89pt>
Underfull \vbox (badness 10000) has occurred while \output is active []

 [102 <./figure/malaises_invs2.pdf>]
File: figure/canicule2.pdf Graphic file (type pdf)
 <use figure/canicule2.pdf>
Overfull \hbox (17.62482pt too wide) in paragraph at lines 2642--2643
[][] 
 []


Underfull \vbox (badness 10000) has occurred while \output is active []

 [103 <./figure/canicule1.pdf>] <figure/canicule3.pdf, id=1581, 505.89pt x 505.
89pt>
File: figure/canicule3.pdf Graphic file (type pdf)

<use figure/canicule3.pdf>
Overfull \hbox (17.62482pt too wide) in paragraph at lines 2656--2657
[][] 
 []


Underfull \vbox (badness 10000) has occurred while \output is active []

 [104 <./figure/canicule2.pdf>]

Package xcolor Warning: Incompatible color definition on input line 2672.


Overfull \hbox (10.92148pt too wide) in paragraph at lines 2712--2712
[]\T1/lmtt/m/n/12 ##  Length:2652        68200  : 329   Length:2652        Mul 
   :1411[] 
 []


Overfull \hbox (10.93549pt too wide) in paragraph at lines 2712--2712
[]\T1/lmtt/m/n/12 ##  Class :character   68100  : 304   Class :character   Col 
   : 363[] 
 []


Overfull \hbox (10.93549pt too wide) in paragraph at lines 2712--2712
[]\T1/lmtt/m/n/12 ##  Mode  :character   68300  : 156   Mode  :character   3Fr 
   : 228[] 
 []


Overfull \hbox (10.94249pt too wide) in paragraph at lines 2712--2712
[]\T1/lmtt/m/n/12 ##                     68000  : 142                      Wis 
   : 170[] 
 []


Overfull \hbox (10.94249pt too wide) in paragraph at lines 2712--2712
[]\T1/lmtt/m/n/12 ##                     68500  :  81                      Geb 
   : 150[] 
 []


Overfull \hbox (10.93549pt too wide) in paragraph at lines 2712--2712
[]\T1/lmtt/m/n/12 ##                     67160  :  70                      Sel 
   : 123[] 
 []


Overfull \hbox (10.9495pt too wide) in paragraph at lines 2712--2712
[]\T1/lmtt/m/n/12 ##                     (Other):1570                      (Oth
er): 207[] 
 []


Overfull \hbox (10.9495pt too wide) in paragraph at lines 2712--2712
[]\T1/lmtt/m/n/12 ##     GRAVITE      ORIENTATION      MODE_SORTIE        AGE  
    SEXE[] 
 []


Overfull \hbox (23.2925pt too wide) in paragraph at lines 2712--2712
[]\T1/lmtt/m/n/12 ##  2      :1768   MED    : 248   NA       :   0   Min.   :  
0   F:1331[] 
 []


Overfull \hbox (23.27849pt too wide) in paragraph at lines 2712--2712
[]\T1/lmtt/m/n/12 ##  1      : 589   UHCD   : 129   Mutation : 439   1st Qu.:  
1   I:   0[] 
 []


Overfull \hbox (23.2925pt too wide) in paragraph at lines 2712--2712
[]\T1/lmtt/m/n/12 ##  3      : 261   SC     :  31   Transfert:   3   Median :  
4   M:1321[] 
 []

[105 <./figure/canicule3.pdf>] <figure/ge1.pdf, id=1602, 505.89pt x 505.89pt>
File: figure/ge1.pdf Graphic file (type pdf)

<use figure/ge1.pdf>
Overfull \hbox (17.62482pt too wide) in paragraph at lines 2714--2715
[][] 
 []

<figure/ge2.pdf, id=1603, 505.89pt x 505.89pt>
Underfull \vbox (badness 10000) has occurred while \output is active []

 [106]
File: figure/ge2.pdf Graphic file (type pdf)

<use figure/ge2.pdf>
Overfull \hbox (17.62482pt too wide) in paragraph at lines 2716--2717
[][] 
 []

<figure/ge3.pdf, id=1608, 505.89pt x 505.89pt>
Underfull \vbox (badness 10000) has occurred while \output is active []

 [107 <./figure/ge1.pdf>]
File: figure/ge3.pdf Graphic file (type pdf)
 <use figure/ge3.pdf>
Overfull \hbox (17.62482pt too wide) in paragraph at lines 2718--2719
[][] 
 []


Underfull \vbox (badness 10000) has occurred while \output is active []

 [108 <./figure/ge2.pdf>]

Package xcolor Warning: Incompatible color definition on input line 2727.


Overfull \hbox (41.82451pt too wide) in paragraph at lines 2735--2735
[]\T1/lmtt/m/n/12 ##   Jan   Feb   Mar   Apr   May   Jun   Jul   Aug   Sep   Oc
t   Nov   Dec[] 
 []


Overfull \hbox (41.76848pt too wide) in paragraph at lines 2735--2735
[]\T1/lmtt/m/n/12 ## 17364 17156 18396 20302 19207 20772 20387 19275 18272 1851
9 17387 18436[] 
 []

<figure/invs.pdf, id=1630, 505.89pt x 505.89pt>
File: figure/invs.pdf Graphic file (type pdf)
 <use figure/invs.pdf>
Overfull \hbox (17.62482pt too wide) in paragraph at lines 2737--2738
[][] 
 []


Underfull \vbox (badness 10000) has occurred while \output is active []

 [109 <./figure/ge3.pdf>]

Package xcolor Warning: Incompatible color definition on input line 2748.

[110 <./figure/invs.pdf>] [111] [112

]
Chapitre 12.

Package pdftex.def Warning: Option `bb' does not make sense,
(pdftex.def)                using `viewport' instead on input line 2782.


LaTeX Warning: File `figure/Mode de SORTIE.png' not found on input line 2782.

<figure/Mode de SORTIE.png, id=1658, 671.50874pt x 438.63875pt>
File: figure/Mode de SORTIE.png Graphic file (type png)

<use figure/Mode de SORTIE.png>

Package xcolor Warning: Incompatible color definition on input line 2786.


Package xcolor Warning: Incompatible color definition on input line 2789.


Package xcolor Warning: Incompatible color definition on input line 2789.


Package xcolor Warning: Incompatible color definition on input line 2789.


LaTeX Warning: Reference `tab.sortie_etab' on page 113 undefined on input line 
2812.


LaTeX Warning: Reference `tab.sortie_etab' on page 113 undefined on input line 
2812.


Package xcolor Warning: Incompatible color definition on input line 2814.

[113 <./figure/Mode de SORTIE.png (PNG copy)>]

Package xcolor Warning: Incompatible color definition on input line 2817.


Package xcolor Warning: Incompatible color definition on input line 2819.


Package xcolor Warning: Incompatible color definition on input line 2821.


Package xcolor Warning: Incompatible color definition on input line 2821.


Package xcolor Warning: Incompatible color definition on input line 2821.


Package xcolor Warning: Incompatible color definition on input line 2842.


Package xcolor Warning: Incompatible color definition on input line 2845.


Package xcolor Warning: Incompatible color definition on input line 2845.


Package xcolor Warning: Incompatible color definition on input line 2845.


Package xcolor Warning: Incompatible color definition on input line 2899.


Package xcolor Warning: Incompatible color definition on input line 2902.


Package xcolor Warning: Incompatible color definition on input line 2902.


Package xcolor Warning: Incompatible color definition on input line 2902.

<figure/fausses_sorties.pdf, id=1667, 505.89pt x 505.89pt> [114]
File: figure/fausses_sorties.pdf Graphic file (type pdf)

<use figure/fausses_sorties.pdf>
Overfull \hbox (17.62482pt too wide) in paragraph at lines 2946--2975
[][]
 []


Underfull \vbox (badness 10000) has occurred while \output is active []

 [115]
Overfull \vbox (7.24065pt too high) has occurred while \output is active []


[116 <./figure/fausses_sorties.pdf>] [117] [118

]
Chapitre 13.
[119] [120

]
Chapitre 14.

Overfull \hbox (0.49896pt too wide) in paragraph at lines 3009--3009
[]\T1/lmr/bx/n/17.28 Variation du nom-bre to-tal de pas-sages jour-
 []

<figure/passages_totaux1.pdf, id=1703, 505.89pt x 505.89pt>
File: figure/passages_totaux1.pdf Graphic file (type pdf)

<use figure/passages_totaux1.pdf>
Overfull \hbox (17.62482pt too wide) in paragraph at lines 3013--3028
[][]
 []

<figure/passages_totaux2.pdf, id=1704, 505.89pt x 505.89pt>
File: figure/passages_totaux2.pdf Graphic file (type pdf)

<use figure/passages_totaux2.pdf>
Overfull \hbox (17.62482pt too wide) in paragraph at lines 3029--3030
[][] 
 []

<figure/passages_totaux3.pdf, id=1705, 505.89pt x 505.89pt>
Underfull \vbox (badness 1577) has occurred while \output is active []

 [121 <./figure/passages_totaux1.pdf>]
File: figure/passages_totaux3.pdf Graphic file (type pdf)
 <use figure/passages_totaux3.pdf>
Overfull \hbox (17.62482pt too wide) in paragraph at lines 3031--3032
[][] 
 []


Underfull \vbox (badness 10000) has occurred while \output is active []

 [122 <./figure/passages_totaux2.pdf>]
Overfull \hbox (25.11755pt too wide) in paragraph at lines 3039--3040
[]\T1/lmr/m/n/12 Le nom-bre de re-tours à domi-cile est obtenu à par-tir de la 
rubrique MODE_SORTIE.
 []

<figure/retour_dom.pdf, id=1725, 505.89pt x 505.89pt>
File: figure/retour_dom.pdf Graphic file (type pdf)

<use figure/retour_dom.pdf>
Overfull \hbox (17.62482pt too wide) in paragraph at lines 3062--3063
[][] 
 []


Underfull \vbox (badness 10000) has occurred while \output is active []

 [123 <./figure/passages_totaux3.pdf>]
<figure/retour_dom2.pdf, id=1736, 505.89pt x 505.89pt>
File: figure/retour_dom2.pdf Graphic file (type pdf)

<use figure/retour_dom2.pdf>
Overfull \hbox (17.62482pt too wide) in paragraph at lines 3068--3069
[][] 
 []


Underfull \vbox (badness 10000) has occurred while \output is active []

 [124 <./figure/retour_dom.pdf>] <figure/hospit.pdf, id=1747, 505.89pt x 505.89
pt>
File: figure/hospit.pdf Graphic file (type pdf)

<use figure/hospit.pdf>
Overfull \hbox (17.62482pt too wide) in paragraph at lines 3091--3092
[][] 
 []


Underfull \vbox (badness 10000) has occurred while \output is active []

 [125 <./figure/retour_dom2.pdf>] <figure/retour_dom3.pdf, id=1759, 505.89pt x 
505.89pt>
File: figure/retour_dom3.pdf Graphic file (type pdf)

<use figure/retour_dom3.pdf>
Overfull \hbox (17.62482pt too wide) in paragraph at lines 3098--3099
[][] 
 []


Underfull \vbox (badness 10000) has occurred while \output is active []

 [126 <./figure/hospit.pdf>] [127 <./figure/retour_dom3.pdf>] [128

] [129] [130]
Chapitre 15.

Package xcolor Warning: Incompatible color definition on input line 3125.

<figure/passages_pediatrie.pdf, id=1792, 505.89pt x 361.35pt>
File: figure/passages_pediatrie.pdf Graphic file (type pdf)

<use figure/passages_pediatrie.pdf>
Overfull \hbox (17.62482pt too wide) in paragraph at lines 3126--3127
[][] 
 []

[131

 <./figure/passages_pediatrie.pdf>] [132]
Chapitre 16.

Package xcolor Warning: Incompatible color definition on input line 3200.

<figure/passages_geriatrie.pdf, id=1810, 505.89pt x 361.35pt>
File: figure/passages_geriatrie.pdf Graphic file (type pdf)

<use figure/passages_geriatrie.pdf>
Overfull \hbox (17.62482pt too wide) in paragraph at lines 3201--3202
[][] 
 []

[133

 <./figure/passages_geriatrie.pdf>] [134] [135

] [136]
Chapitre 17.

Package xcolor Warning: Incompatible color definition on input line 3332.

<figure/graphe_wis.pdf, id=1833, 505.89pt x 433.62pt>
File: figure/graphe_wis.pdf Graphic file (type pdf)

<use figure/graphe_wis.pdf>
Overfull \hbox (17.62482pt too wide) in paragraph at lines 3333--3334
[][] 
 []


Underfull \vbox (badness 10000) has occurred while \output is active []

 [137

]

Package xcolor Warning: Incompatible color definition on input line 3342.

<figure/compl_wis.pdf, id=1841, 578.16pt x 505.89pt>
File: figure/compl_wis.pdf Graphic file (type pdf)

<use figure/compl_wis.pdf>
Overfull \hbox (17.62482pt too wide) in paragraph at lines 3343--3344
[][] 
 []


Underfull \vbox (badness 10000) has occurred while \output is active []

 [138 <./figure/graphe_wis.pdf>] [139 <./figure/compl_wis.pdf>] [140

]
Chapitre 18.

Package xcolor Warning: Incompatible color definition on input line 3406.

<figure/graphe_hag.pdf, id=1870, 505.89pt x 433.62pt>
File: figure/graphe_hag.pdf Graphic file (type pdf)

<use figure/graphe_hag.pdf>
Overfull \hbox (17.62482pt too wide) in paragraph at lines 3407--3408
[][] 
 []


Underfull \vbox (badness 10000) has occurred while \output is active []

 [141]

Package xcolor Warning: Incompatible color definition on input line 3416.

<figure/compl_hag.pdf, id=1876, 578.16pt x 505.89pt>
File: figure/compl_hag.pdf Graphic file (type pdf)

<use figure/compl_hag.pdf>
Overfull \hbox (17.62482pt too wide) in paragraph at lines 3417--3418
[][] 
 []


Underfull \vbox (badness 10000) has occurred while \output is active []

 [142 <./figure/graphe_hag.pdf>] [143 <./figure/compl_hag.pdf>] [144

]
Chapitre 19.

Package xcolor Warning: Incompatible color definition on input line 3480.

<figure/graphe_sav.pdf, id=1906, 505.89pt x 433.62pt>
File: figure/graphe_sav.pdf Graphic file (type pdf)

<use figure/graphe_sav.pdf>
Overfull \hbox (17.62482pt too wide) in paragraph at lines 3481--3482
[][] 
 []


Underfull \vbox (badness 10000) has occurred while \output is active []

 [145]

Package xcolor Warning: Incompatible color definition on input line 3490.

<figure/compl_sav.pdf, id=1912, 578.16pt x 505.89pt>
File: figure/compl_sav.pdf Graphic file (type pdf)

<use figure/compl_sav.pdf>
Overfull \hbox (17.62482pt too wide) in paragraph at lines 3491--3492
[][] 
 []


Underfull \vbox (badness 10000) has occurred while \output is active []

 [146 <./figure/graphe_sav.pdf>] [147 <./figure/compl_sav.pdf>] [148

]
Chapitre 20.

Package xcolor Warning: Incompatible color definition on input line 3554.

<figure/graphe_odi.pdf, id=1941, 505.89pt x 433.62pt>
File: figure/graphe_odi.pdf Graphic file (type pdf)

<use figure/graphe_odi.pdf>
Overfull \hbox (17.62482pt too wide) in paragraph at lines 3555--3556
[][] 
 []


Underfull \vbox (badness 10000) has occurred while \output is active []

 [149]

Package xcolor Warning: Incompatible color definition on input line 3564.

<figure/compl_odi.pdf, id=1948, 578.16pt x 505.89pt>
File: figure/compl_odi.pdf Graphic file (type pdf)

<use figure/compl_odi.pdf>
Overfull \hbox (17.62482pt too wide) in paragraph at lines 3565--3566
[][] 
 []


Underfull \vbox (badness 10000) has occurred while \output is active []

 [150 <./figure/graphe_odi.pdf>] [151 <./figure/compl_odi.pdf>] [152

]
Chapitre 21.

Package xcolor Warning: Incompatible color definition on input line 3611.

<figure/graphe_hus.pdf, id=1977, 505.89pt x 433.62pt>
File: figure/graphe_hus.pdf Graphic file (type pdf)

<use figure/graphe_hus.pdf>
Overfull \hbox (17.62482pt too wide) in paragraph at lines 3612--3613
[][] 
 []

[153]

Package xcolor Warning: Incompatible color definition on input line 3621.

<figure/compl_hus.pdf, id=1993, 578.16pt x 505.89pt>
File: figure/compl_hus.pdf Graphic file (type pdf)

<use figure/compl_hus.pdf>
Overfull \hbox (17.62482pt too wide) in paragraph at lines 3622--3623
[][] 
 []


Underfull \vbox (badness 10000) has occurred while \output is active []

 [154 <./figure/graphe_hus.pdf>] [155 <./figure/compl_hus.pdf>] [156

]
Chapitre 22.

Package xcolor Warning: Incompatible color definition on input line 3635.


Package xcolor Warning: Incompatible color definition on input line 3638.


Package xcolor Warning: Incompatible color definition on input line 3640.


Package xcolor Warning: Incompatible color definition on input line 3642.


Package xcolor Warning: Incompatible color definition on input line 3644.


Package xcolor Warning: Incompatible color definition on input line 3646.


Package xcolor Warning: Incompatible color definition on input line 3648.


Package xcolor Warning: Incompatible color definition on input line 3650.


Package xcolor Warning: Incompatible color definition on input line 3652.


Package xcolor Warning: Incompatible color definition on input line 3654.


Package xcolor Warning: Incompatible color definition on input line 3656.


Package xcolor Warning: Incompatible color definition on input line 3658.


Package xcolor Warning: Incompatible color definition on input line 3660.


Package xcolor Warning: Incompatible color definition on input line 3662.


Package xcolor Warning: Incompatible color definition on input line 3668.


Package xcolor Warning: Incompatible color definition on input line 3671.


Package xcolor Warning: Incompatible color definition on input line 3671.


Package xcolor Warning: Incompatible color definition on input line 3671.


Package xcolor Warning: Incompatible color definition on input line 3677.


Package xcolor Warning: Incompatible color definition on input line 3680.

<figure/stAnne_tx_moyen_passages.pdf, id=2023, 505.89pt x 361.35pt>
File: figure/stAnne_tx_moyen_passages.pdf Graphic file (type pdf)

<use figure/stAnne_tx_moyen_passages.pdf>
Overfull \hbox (17.62482pt too wide) in paragraph at lines 3681--3682
[][] 
 []


Underfull \vbox (badness 10000) has occurred while \output is active []

 [157]

Package xcolor Warning: Incompatible color definition on input line 3684.


Package xcolor Warning: Incompatible color definition on input line 3686.


Overfull \hbox (13.27345pt too wide) in paragraph at lines 3686--3687
[]\T1/lmtt/b/n/12 ## Error: erreur d'évaluation de l'argument 'x' lors de la sé
lection
 []


Overfull \hbox (32.17342pt too wide) in paragraph at lines 3686--3687
\T1/lmtt/b/n/12 d'une méthode pour la fonction 'plot' : Erreur : objet 'ma' int
rouvable[] 
 []


Package xcolor Warning: Incompatible color definition on input line 3688.


Package xcolor Warning: Incompatible color definition on input line 3690.


Overfull \hbox (13.27345pt too wide) in paragraph at lines 3690--3691
[]\T1/lmtt/b/n/12 ## Error: erreur d'évaluation de l'argument 'x' lors de la sé
lection
 []


Overfull \hbox (13.27345pt too wide) in paragraph at lines 3690--3691
\T1/lmtt/b/n/12 d'une méthode pour la fonction 'plot' : Erreur dans ts$total : 
objet
 []


Package xcolor Warning: Incompatible color definition on input line 3692.


Package xcolor Warning: Incompatible color definition on input line 3701.


Package xcolor Warning: Incompatible color definition on input line 3704.

<figure/hospit_stAnne.pdf, id=2029, 505.89pt x 505.89pt>
File: figure/hospit_stAnne.pdf Graphic file (type pdf)

<use figure/hospit_stAnne.pdf>
Overfull \hbox (17.62482pt too wide) in paragraph at lines 3705--3706
[][] 
 []


Underfull \vbox (badness 10000) has occurred while \output is active []

 [158 <./figure/stAnne_tx_moyen_passages.pdf>]

Package xcolor Warning: Incompatible color definition on input line 3708.


Package xcolor Warning: Incompatible color definition on input line 3714.


Package xcolor Warning: Incompatible color definition on input line 3717.


Package xcolor Warning: Incompatible color definition on input line 3719.


Package xcolor Warning: Incompatible color definition on input line 3721.


Package xcolor Warning: Incompatible color definition on input line 3723.


Package xcolor Warning: Incompatible color definition on input line 3723.


Package xcolor Warning: Incompatible color definition on input line 3723.


Package xcolor Warning: Incompatible color definition on input line 3728.


Package xcolor Warning: Incompatible color definition on input line 3731.


Package xcolor Warning: Incompatible color definition on input line 3733.


Package xcolor Warning: Incompatible color definition on input line 3735.


Package xcolor Warning: Incompatible color definition on input line 3737.

[159 <./figure/hospit_stAnne.pdf>]

Package xcolor Warning: Incompatible color definition on input line 3737.


Package xcolor Warning: Incompatible color definition on input line 3737.


Package xcolor Warning: Incompatible color definition on input line 3743.


Package xcolor Warning: Incompatible color definition on input line 3746.


Package xcolor Warning: Incompatible color definition on input line 3748.


Package xcolor Warning: Incompatible color definition on input line 3750.


Package xcolor Warning: Incompatible color definition on input line 3752.


Package xcolor Warning: Incompatible color definition on input line 3752.


Package xcolor Warning: Incompatible color definition on input line 3752.


Package xcolor Warning: Incompatible color definition on input line 3755.


Package xcolor Warning: Incompatible color definition on input line 3758.


Package xcolor Warning: Incompatible color definition on input line 3758.


Package xcolor Warning: Incompatible color definition on input line 3758.

[160]
Chapitre 23.

Overfull \hbox (9.17712pt too wide) in paragraph at lines 3768--3769
[]\T1/lmr/m/n/12 En 2013 l'équipe médi-cale de la poli-clin-ique de la clin-iqu
e Saint-Luc de Schirmeck
 []

[161

] [162

]
Chapitre 24.

Package xcolor Warning: Incompatible color definition on input line 3862.

<figure/graphe_p_sel.pdf, id=2064, 505.89pt x 433.62pt>
File: figure/graphe_p_sel.pdf Graphic file (type pdf)

<use figure/graphe_p_sel.pdf>
Overfull \hbox (17.62482pt too wide) in paragraph at lines 3863--3864
[][] 
 []


Underfull \vbox (badness 10000) has occurred while \output is active []

 [163]

Package xcolor Warning: Incompatible color definition on input line 3872.

<figure/compl_sel.pdf, id=2070, 578.16pt x 505.89pt>
File: figure/compl_sel.pdf Graphic file (type pdf)

<use figure/compl_sel.pdf>
Overfull \hbox (17.62482pt too wide) in paragraph at lines 3873--3874
[][] 
 []


Underfull \vbox (badness 10000) has occurred while \output is active []

 [164 <./figure/graphe_p_sel.pdf>] [165 <./figure/compl_sel.pdf>] [166

]
Chapitre 25.

Package xcolor Warning: Incompatible color definition on input line 3935.

<figure/graphe_p_col.pdf, id=2099, 505.89pt x 433.62pt>
File: figure/graphe_p_col.pdf Graphic file (type pdf)

<use figure/graphe_p_col.pdf>
Overfull \hbox (17.62482pt too wide) in paragraph at lines 3936--3937
[][] 
 []


Underfull \vbox (badness 10000) has occurred while \output is active []

 [167]

Package xcolor Warning: Incompatible color definition on input line 3946.

<figure/compl_col.pdf, id=2107, 578.16pt x 505.89pt>
File: figure/compl_col.pdf Graphic file (type pdf)

<use figure/compl_col.pdf>
Overfull \hbox (17.62482pt too wide) in paragraph at lines 3947--3948
[][] 
 []


Underfull \vbox (badness 10000) has occurred while \output is active []

 [168 <./figure/graphe_p_col.pdf>] [169 <./figure/compl_col.pdf>] [170

]
Chapitre 26.

Package xcolor Warning: Incompatible color definition on input line 3965.


Package xcolor Warning: Incompatible color definition on input line 4023.

<figure/graphe_p_gueb.pdf, id=2136, 505.89pt x 433.62pt>
File: figure/graphe_p_gueb.pdf Graphic file (type pdf)

<use figure/graphe_p_gueb.pdf>
Overfull \hbox (17.62482pt too wide) in paragraph at lines 4024--4025
[][] 
 []


Underfull \vbox (badness 1953) has occurred while \output is active []

 [171]

Package xcolor Warning: Incompatible color definition on input line 4122.

<figure/compl_geb2.pdf, id=2143, 578.16pt x 505.89pt>
File: figure/compl_geb2.pdf Graphic file (type pdf)

<use figure/compl_geb2.pdf>
Overfull \hbox (17.62482pt too wide) in paragraph at lines 4123--4124
[][] 
 []


Underfull \vbox (badness 10000) has occurred while \output is active []

 [172 <./figure/graphe_p_gueb.pdf>] [173 <./figure/compl_geb2.pdf>] [174

]
Chapitre 27.
[175] [176

]
Chapitre 28.

Package xcolor Warning: Incompatible color definition on input line 4187.

<figure/graphe_p_alk.pdf, id=2181, 505.89pt x 433.62pt>
File: figure/graphe_p_alk.pdf Graphic file (type pdf)

<use figure/graphe_p_alk.pdf>
Overfull \hbox (17.62482pt too wide) in paragraph at lines 4188--4189
[][] 
 []


Underfull \vbox (badness 10000) has occurred while \output is active []

 [177]

Package xcolor Warning: Incompatible color definition on input line 4197.

<figure/compl_alk.pdf, id=2187, 578.16pt x 505.89pt>
File: figure/compl_alk.pdf Graphic file (type pdf)

<use figure/compl_alk.pdf>
Overfull \hbox (17.62482pt too wide) in paragraph at lines 4198--4199
[][] 
 []


Underfull \vbox (badness 10000) has occurred while \output is active []

 [178 <./figure/graphe_p_alk.pdf>] [179 <./figure/compl_alk.pdf>] [180

]
Chapitre 29.

Package xcolor Warning: Incompatible color definition on input line 4264.

<figure/graphe_p_mul.pdf, id=2217, 505.89pt x 433.62pt>
File: figure/graphe_p_mul.pdf Graphic file (type pdf)

<use figure/graphe_p_mul.pdf>
Overfull \hbox (17.62482pt too wide) in paragraph at lines 4265--4266
[][] 
 []


Underfull \vbox (badness 10000) has occurred while \output is active []

 [181]

Package xcolor Warning: Incompatible color definition on input line 4275.

<figure/compl_mul.pdf, id=2223, 578.16pt x 505.89pt>
File: figure/compl_mul.pdf Graphic file (type pdf)

<use figure/compl_mul.pdf>
Overfull \hbox (17.62482pt too wide) in paragraph at lines 4276--4277
[][] 
 []


Underfull \vbox (badness 10000) has occurred while \output is active []

 [182 <./figure/graphe_p_mul.pdf>] [183 <./figure/compl_mul.pdf>] [184

]
Chapitre 30.

Package xcolor Warning: Incompatible color definition on input line 4340.

<figure/graphe_fonderie.pdf, id=2252, 505.89pt x 433.62pt>
File: figure/graphe_fonderie.pdf Graphic file (type pdf)

<use figure/graphe_fonderie.pdf>
Overfull \hbox (17.62482pt too wide) in paragraph at lines 4341--4342
[][] 
 []


Underfull \vbox (badness 10000) has occurred while \output is active []

 [185]

Package xcolor Warning: Incompatible color definition on input line 4350.

<figure/compl_dia.pdf, id=2259, 578.16pt x 505.89pt>
File: figure/compl_dia.pdf Graphic file (type pdf)

<use figure/compl_dia.pdf>
Overfull \hbox (17.62482pt too wide) in paragraph at lines 4351--4352
[][] 
 []


Underfull \vbox (badness 10000) has occurred while \output is active []

 [186 <./figure/graphe_fonderie.pdf>] [187 <./figure/compl_dia.pdf>] [188

]
Chapitre 31.

Package xcolor Warning: Incompatible color definition on input line 4414.

<figure/graphe_3fr.pdf, id=2288, 505.89pt x 433.62pt>
File: figure/graphe_3fr.pdf Graphic file (type pdf)

<use figure/graphe_3fr.pdf>
Overfull \hbox (17.62482pt too wide) in paragraph at lines 4415--4416
[][] 
 []


Underfull \vbox (badness 10000) has occurred while \output is active []

 [189]

Package xcolor Warning: Incompatible color definition on input line 4424.

<figure/compl_3fr.pdf, id=2294, 578.16pt x 505.89pt>
File: figure/compl_3fr.pdf Graphic file (type pdf)

<use figure/compl_3fr.pdf>
Overfull \hbox (17.62482pt too wide) in paragraph at lines 4425--4426
[][] 
 []


Underfull \vbox (badness 10000) has occurred while \output is active []

 [190 <./figure/graphe_3fr.pdf>] [191 <./figure/compl_3fr.pdf>] [192

]
Chapitre 32.
[193] [194] [195] [196



] [197] [198]
Chapitre 33.

Overfull \hbox (22.26128pt too wide) in paragraph at lines 4555--4567
 [][] 
 []

<figure/samu_global.pdf, id=2371, 578.16pt x 505.89pt>
File: figure/samu_global.pdf Graphic file (type pdf)

<use figure/samu_global.pdf>
Overfull \hbox (17.62482pt too wide) in paragraph at lines 4569--4570
[][] 
 []


Underfull \vbox (badness 10000) has occurred while \output is active []

 [199

]
<figure/smur.pdf, id=2376, 578.16pt x 505.89pt>
File: figure/smur.pdf Graphic file (type pdf)
 <use figure/smur.pdf>
Overfull \hbox (17.62482pt too wide) in paragraph at lines 4576--4577
[][] 
 []


Underfull \vbox (badness 10000) has occurred while \output is active []

 [200 <./figure/samu_global.pdf>]

Package xcolor Warning: Incompatible color definition on input line 4595.

<figure/samu67.pdf, id=2387, 578.16pt x 505.89pt>
File: figure/samu67.pdf Graphic file (type pdf)
 <use figure/samu67.pdf>
Overfull \hbox (17.62482pt too wide) in paragraph at lines 4596--4597
[][] 
 []


Package xcolor Warning: Incompatible color definition on input line 4602.

<figure/samu67_2.pdf, id=2388, 578.16pt x 505.89pt>
Underfull \vbox (badness 10000) has occurred while \output is active []

 [201 <./figure/smur.pdf>]
File: figure/samu67_2.pdf Graphic file (type pdf)
 <use figure/samu67_2.pdf>
Overfull \hbox (17.62482pt too wide) in paragraph at lines 4603--4604
[][] 
 []


Underfull \vbox (badness 10000) has occurred while \output is active []

 [202 <./figure/samu67.pdf>]

Package xcolor Warning: Incompatible color definition on input line 4611.

<figure/samu6768.pdf, id=2410, 578.16pt x 505.89pt>
File: figure/samu6768.pdf Graphic file (type pdf)
 <use figure/samu6768.pdf>
Overfull \hbox (17.62482pt too wide) in paragraph at lines 4612--4613
[][] 
 []


Underfull \vbox (badness 10000) has occurred while \output is active []

 [203 <./figure/samu67_2.pdf>] [204 <./figure/samu6768.pdf>] [205

] [206]
Annexe A.

Overfull \hbox (141.03844pt too wide) detected at line 4687
[]
 []


Overfull \hbox (101.02733pt too wide) detected at line 4693
[]
 []

[207

] [208] [209] [210

]
Annexe B.
[211] [212] [213] [214

]
Annexe C.
[215] [216

]
Annexe D.
[217] [218

]
Annexe E.
(./RPU2013.bbl [219] [220

]
Underfull \hbox (badness 1688) in paragraph at lines 4--11
\T1/lmr/m/n/12 jan-vier 2012.  2013.  [][]$\T1/lmtt/m/n/12 http : / / www . ars
 . alsace . sante . fr / fileadmin /
 []


Underfull \hbox (badness 10000) in paragraph at lines 4--11
\T1/lmtt/m/n/12 ALSACE / ars _ alsace / Projet _ regional _ de _ sante / modifi
cation / Arrete _
 []


Underfull \hbox (badness 10000) in paragraph at lines 13--19
[][]$\T1/lmtt/m/n/12 http : / / www . ars . alsace . sante . fr / fileadmin / A
LSACE / ars _ alsace /
 []


Underfull \hbox (badness 10000) in paragraph at lines 50--56
[]\T1/lmr/m/n/12 INSEE.  Pop-u-la-tion comp-tée à part.  2013.  [][]$\T1/lmtt/m
/n/12 http : / /
 []


Underfull \hbox (badness 10000) in paragraph at lines 50--56
\T1/lmtt/m/n/12 www . insee . fr / fr / methodes / default . asp ? page = defin
itions /
 []

[221]
Underfull \hbox (badness 1132) in paragraph at lines 113--119
[]\T1/lmr/m/n/12 SFMU.  Thésaurus des di-ag-nos-tics et actes des struc-tures d
'ur-gence
 []

) [222] (./RPU2013.ind [223


] [224

] [225] [226

]) (./RPU2013.aux)

LaTeX Warning: There were undefined references.

 ) 
Here is how much of TeX's memory you used:
 18461 strings out of 495061
 309522 string characters out of 1182621
 392811 words of memory out of 3000000
 20518 multiletter control sequences out of 15000+50000
 77121 words of font info for 68 fonts, out of 3000000 for 9000
 28 hyphenation exceptions out of 8191
 56i,13n,65p,754b,588s stack positions out of 5000i,500n,10000p,200000b,50000s
pdfTeX warning (dest): name{Hfootnote.5} has been referenced but does not exi
st, replaced by a fixed one

pdfTeX warning (dest): name{Hfootnote.4} has been referenced but does not exist
, replaced by a fixed one

pdfTeX warning (dest): name{Hfootnote.3} has been referenced but does not exist
, replaced by a fixed one

{/usr/share/texmf/fonts/enc/dvips/lm/lm-mathsy.enc}{/usr/share/texmf/fonts/enc/
dvips/lm/lm-ts1.enc}{/usr/share/texmf/fonts/enc/dvips/lm/lm-mathit.enc}{/usr/sh
are/texmf/fonts/enc/dvips/lm/lm-rm.enc}{/usr/share/texmf/fonts/enc/dvips/lm/lm-
ec.enc}</usr/share/texmf/fonts/type1/public/lm/lmbx12.pfb></usr/share/texmf/fon
ts/type1/public/lm/lmcsc10.pfb></usr/share/texmf/fonts/type1/public/lm/lmmi12.p
fb></usr/share/texmf/fonts/type1/public/lm/lmr10.pfb></usr/share/texmf/fonts/ty
pe1/public/lm/lmr12.pfb></usr/share/texmf/fonts/type1/public/lm/lmr17.pfb></usr
/share/texmf/fonts/type1/public/lm/lmr8.pfb></usr/share/texmf/fonts/type1/publi
c/lm/lmri12.pfb></usr/share/texmf/fonts/type1/public/lm/lmsy10.pfb></usr/share/
texmf/fonts/type1/public/lm/lmtk10.pfb></usr/share/texmf/fonts/type1/public/lm/
lmtt12.pfb>
Output written on RPU2013.pdf (228 pages, 1380878 bytes).
PDF statistics:
 2914 PDF objects out of 2984 (max. 8388607)
 584 named destinations out of 1000 (max. 500000)
 1248 words of extra memory for PDF output out of 10000 (max. 10000000)

